Log file open, 06/11/20 14:30:50
LogInit: Display: Running engine for game: OnlineFPS
LogPlatformFile: Not using cached read wrapper
LogTaskGraph: Started task graph with 5 named threads and 47 total threads with 3 sets of task threads.
LogStats: Stats thread started at 0.108089
LogD3D11RHI: Loaded GFSDK_Aftermath_Lib.x64.dll
LogICUInternationalization: ICU TimeZone Detection - Raw Offset: +1:00, Platform Override: ''
LogPluginManager: Mounting plugin Paper2D
LogPluginManager: Mounting plugin AISupport
LogPluginManager: Mounting plugin LightPropagationVolume
LogPluginManager: Mounting plugin CameraShakePreviewer
LogPluginManager: Mounting plugin ActorLayerUtilities
LogPluginManager: Mounting plugin AnimationSharing
LogPluginManager: Mounting plugin CLionSourceCodeAccess
LogPluginManager: Mounting plugin CodeLiteSourceCodeAccess
LogPluginManager: Mounting plugin GitSourceControl
LogPluginManager: Mounting plugin KDevelopSourceCodeAccess
LogPluginManager: Mounting plugin NullSourceCodeAccess
LogPluginManager: Mounting plugin PerforceSourceControl
LogPluginManager: Mounting plugin PlasticSourceControl
LogPluginManager: Mounting plugin RiderSourceCodeAccess
LogPluginManager: Mounting plugin SubversionSourceControl
LogPluginManager: Mounting plugin UObjectPlugin
LogPluginManager: Mounting plugin VisualStudioCodeSourceCodeAccess
LogPluginManager: Mounting plugin VisualStudioSourceCodeAccess
LogPluginManager: Mounting plugin XCodeSourceCodeAccess
LogPluginManager: Mounting plugin AssetManagerEditor
LogPluginManager: Mounting plugin CryptoKeys
LogPluginManager: Mounting plugin CurveEditorTools
LogPluginManager: Mounting plugin DataValidation
LogPluginManager: Mounting plugin EditorScriptingUtilities
LogPluginManager: Mounting plugin FacialAnimation
LogPluginManager: Mounting plugin GameplayTagsEditor
LogPluginManager: Mounting plugin GeometryMode
LogPluginManager: Mounting plugin MacGraphicsSwitching
LogPluginManager: Mounting plugin MaterialAnalyzer
LogPluginManager: Mounting plugin MobileLauncherProfileWizard
LogPluginManager: Mounting plugin PluginBrowser
LogPluginManager: Mounting plugin SpeedTreeImporter
LogPluginManager: Mounting plugin DatasmithContent
LogPluginManager: Mounting plugin VariantManagerContent
LogPluginManager: Mounting plugin AlembicImporter
LogPluginManager: Mounting plugin AutomationUtils
LogPluginManager: Mounting plugin BackChannel
LogPluginManager: Mounting plugin ChaosCloth
LogPluginManager: Mounting plugin ChaosClothEditor
LogPluginManager: Mounting plugin ChaosEditor
LogPluginManager: Mounting plugin ChaosNiagara
LogPluginManager: Mounting plugin ChaosSolverPlugin
LogPluginManager: Mounting plugin CharacterAI
LogPluginManager: Mounting plugin GeometryCache
LogPluginManager: Mounting plugin GeometryCollectionPlugin
LogPluginManager: Mounting plugin GeometryProcessing
LogPluginManager: Mounting plugin PlanarCut
LogPluginManager: Mounting plugin PlatformCrypto
LogPluginManager: Mounting plugin ProxyLODPlugin
LogPluginManager: Mounting plugin PythonScriptPlugin
LogPluginManager: Mounting plugin SkeletalReduction
LogPluginManager: Mounting plugin Niagara
LogPluginManager: Mounting plugin MagicLeap
LogPluginManager: Mounting plugin MagicLeapLightEstimation
LogPluginManager: Mounting plugin MagicLeapMedia
LogPluginManager: Mounting plugin MagicLeapPassableWorld
LogPluginManager: Mounting plugin MLSDK
LogPluginManager: Mounting plugin AutoSizeComments
LogPluginManager: Mounting plugin AndroidMedia
LogPluginManager: Mounting plugin AvfMedia
LogPluginManager: Mounting plugin ImgMedia
LogPluginManager: Mounting plugin MediaCompositing
LogPluginManager: Mounting plugin MediaPlayerEditor
LogPluginManager: Mounting plugin WebMMedia
LogPluginManager: Mounting plugin WmfMedia
LogPluginManager: Mounting plugin MegascansPlugin
LogPluginManager: Mounting plugin MeshPainting
LogPluginManager: Mounting plugin TcpMessaging
LogPluginManager: Mounting plugin UdpMessaging
LogPluginManager: Mounting plugin ActorSequence
LogPluginManager: Mounting plugin LevelSequenceEditor
LogPluginManager: Mounting plugin MatineeToLevelSequence
LogPluginManager: Mounting plugin MovieRenderPipeline
LogPluginManager: Mounting plugin TemplateSequence
LogPluginManager: Mounting plugin NetcodeUnitTest
LogPluginManager: Mounting plugin NUTUnrealEngine4
LogPluginManager: Mounting plugin OnlineSubsystemGooglePlay
LogPluginManager: Mounting plugin OnlineSubsystemIOS
LogPluginManager: Mounting plugin OnlineSubsystem
LogPluginManager: Mounting plugin OnlineSubsystemNull
LogPluginManager: Mounting plugin OnlineSubsystemUtils
LogPluginManager: Mounting plugin LauncherChunkInstaller
LogPluginManager: Mounting plugin AndroidDeviceProfileSelector
LogPluginManager: Mounting plugin AndroidMoviePlayer
LogPluginManager: Mounting plugin AndroidPermission
LogPluginManager: Mounting plugin AppleImageUtils
LogPluginManager: Mounting plugin AppleMoviePlayer
LogPluginManager: Mounting plugin ArchVisCharacter
LogPluginManager: Mounting plugin AssetTags
LogPluginManager: Mounting plugin AudioCapture
LogPluginManager: Mounting plugin CableComponent
LogPluginManager: Mounting plugin CustomMeshComponent
LogPluginManager: Mounting plugin EditableMesh
LogPluginManager: Mounting plugin ExampleDeviceProfileSelector
LogPluginManager: Mounting plugin GoogleCloudMessaging
LogPluginManager: Mounting plugin GooglePAD
LogPluginManager: Mounting plugin IOSDeviceProfileSelector
LogPluginManager: Mounting plugin LinuxDeviceProfileSelector
LogPluginManager: Mounting plugin LocationServicesBPLibrary
LogPluginManager: Mounting plugin MobilePatchingUtils
LogPluginManager: Mounting plugin OculusVR
LogPluginManager: Mounting plugin PhysXVehicles
LogPluginManager: Mounting plugin PostSplashScreen
LogPluginManager: Mounting plugin ProceduralMeshComponent
LogPluginManager: Mounting plugin RuntimePhysXCooking
LogPluginManager: Mounting plugin SignificanceManager
LogPluginManager: Mounting plugin SoundFields
LogPluginManager: Mounting plugin SteamVR
LogPluginManager: Mounting plugin Synthesis
LogPluginManager: Mounting plugin WebMMoviePlayer
LogPluginManager: Mounting plugin WindowsMoviePlayer
LogPluginManager: Mounting plugin ScreenshotTools
LogInit: Using libcurl 7.55.1-DEV
LogInit:  - built for x86_64-pc-win32
LogInit:  - supports SSL with OpenSSL/1.1.1
LogInit:  - supports HTTP deflate (compression) using libz 1.2.8
LogInit:  - other features:
LogInit:      CURL_VERSION_SSL
LogInit:      CURL_VERSION_LIBZ
LogInit:      CURL_VERSION_IPV6
LogInit:      CURL_VERSION_ASYNCHDNS
LogInit:      CURL_VERSION_LARGEFILE
LogInit:      CURL_VERSION_IDN
LogInit:  CurlRequestOptions (configurable via config and command line):
LogInit:  - bVerifyPeer = true  - Libcurl will verify peer certificate
LogInit:  - bUseHttpProxy = false  - Libcurl will NOT use HTTP proxy
LogInit:  - bDontReuseConnections = false  - Libcurl will reuse connections
LogInit:  - MaxHostConnections = 16  - Libcurl will limit the number of connections to a host
LogInit:  - LocalHostAddr = Default
LogInit:  - BufferSize = 65536
LogOnline: OSS: Creating online subsystem instance for: NULL
LogInit: WinSock: version 1.1 (2.2), MaxSocks=32767, MaxUdp=65467
LogOnline: OSS: TryLoadSubsystemAndSetDefault: Loaded subsystem for module [NULL]
LogInit: Build: ++UE4+Release-4.25-CL-13144385
LogInit: Engine Version: 4.25.0-13144385+++UE4+Release-4.25
LogInit: Compatible Engine Version: 4.25.0-13144385+++UE4+Release-4.25
LogInit: Net CL: 13144385
LogInit: OS: Windows 10 (Release 1909) (), CPU: AMD Ryzen 7 2700X Eight-Core Processor         , GPU: NVIDIA GeForce RTX 2060 SUPER
LogInit: Compiled (64-bit): May  2 2020 02:12:11
LogInit: Compiled with Visual C++: 19.24.28315.00
LogInit: Build Configuration: Development
LogInit: Branch Name: ++UE4+Release-4.25
LogInit: Command Line: 
LogInit: Base Directory: C:/Program Files/Epic Games/UE_4.25/Engine/Binaries/Win64/
LogInit: Allocator: TBB
LogInit: Installed Engine Build: 1
LogDevObjectVersion: Number of dev versions registered: 26
LogDevObjectVersion:   Dev-Blueprints (B0D832E4-1F89-4F0D-ACCF-7EB736FD4AA2): 10
LogDevObjectVersion:   Dev-Build (E1C64328-A22C-4D53-A36C-8E866417BD8C): 0
LogDevObjectVersion:   Dev-Core (375EC13C-06E4-48FB-B500-84F0262A717E): 4
LogDevObjectVersion:   Dev-Editor (E4B068ED-F494-42E9-A231-DA0B2E46BB41): 38
LogDevObjectVersion:   Dev-Framework (CFFC743F-43B0-4480-9391-14DF171D2073): 37
LogDevObjectVersion:   Dev-Mobile (B02B49B5-BB20-44E9-A304-32B752E40360): 2
LogDevObjectVersion:   Dev-Networking (A4E4105C-59A1-49B5-A7C5-40C4547EDFEE): 0
LogDevObjectVersion:   Dev-Online (39C831C9-5AE6-47DC-9A44-9C173E1C8E7C): 0
LogDevObjectVersion:   Dev-Physics (78F01B33-EBEA-4F98-B9B4-84EACCB95AA2): 4
LogDevObjectVersion:   Dev-Platform (6631380F-2D4D-43E0-8009-CF276956A95A): 0
LogDevObjectVersion:   Dev-Rendering (12F88B9F-8875-4AFC-A67C-D90C383ABD29): 43
LogDevObjectVersion:   Dev-Sequencer (7B5AE74C-D270-4C10-A958-57980B212A5A): 12
LogDevObjectVersion:   Dev-VR (D7296918-1DD6-4BDD-9DE2-64A83CC13884): 3
LogDevObjectVersion:   Dev-LoadTimes (C2A15278-BFE7-4AFE-6C17-90FF531DF755): 1
LogDevObjectVersion:   Private-Geometry (6EACA3D4-40EC-4CC1-B786-8BED09428FC5): 3
LogDevObjectVersion:   Dev-AnimPhys (29E575DD-E0A3-4627-9D10-D276232CDCEA): 17
LogDevObjectVersion:   Dev-Anim (AF43A65D-7FD3-4947-9873-3E8ED9C1BB05): 7
LogDevObjectVersion:   Dev-ReflectionCapture (6B266CEC-1EC7-4B8F-A30B-E4D90942FC07): 1
LogDevObjectVersion:   Dev-Automation (0DF73D61-A23F-47EA-B727-89E90C41499A): 1
LogDevObjectVersion:   FortniteMain (601D1886-AC64-4F84-AA16-D3DE0DEAC7D6): 31
LogDevObjectVersion:   Dev-Enterprise (9DFFBCD6-494F-0158-E221-12823C92A888): 10
LogDevObjectVersion:   Dev-Niagara (F2AED0AC-9AFE-416F-8664-AA7FFA26D6FC): 1
LogDevObjectVersion:   Dev-Destruction (174F1F0B-B4C6-45A5-B13F-2EE8D0FB917D): 10
LogDevObjectVersion:   Dev-Physics-Ext (35F94A83-E258-406C-A318-09F59610247C): 37
LogDevObjectVersion:   Dev-PhysicsMaterial-Chaos (B68FC16E-8B1B-42E2-B453-215C058844FE): 1
LogDevObjectVersion:   Dev-CineCamera (B2E18506-4273-CFC2-A54E-F4BB758BBA07): 1
LogInit: Presizing for max 25165824 objects, including 0 objects not considered by GC, pre-allocating 0 bytes for permanent pool.
LogConfig: Applying CVar settings from Section [/Script/Engine.StreamingSettings] File [C:/Users/doria/Documents/GitHub/Online-FPS/OnlineFPS/Saved/Config/Windows/Engine.ini]
LogConfig: Setting CVar [[s.MinBulkDataSizeForAsyncLoading:131072]]
LogConfig: Setting CVar [[s.AsyncLoadingThreadEnabled:0]]
LogConfig: Setting CVar [[s.EventDrivenLoaderEnabled:1]]
LogConfig: Setting CVar [[s.WarnIfTimeLimitExceeded:0]]
LogConfig: Setting CVar [[s.TimeLimitExceededMultiplier:1.5]]
LogConfig: Setting CVar [[s.TimeLimitExceededMinTime:0.005]]
LogConfig: Setting CVar [[s.UseBackgroundLevelStreaming:1]]
LogConfig: Setting CVar [[s.PriorityAsyncLoadingExtraTime:15.0]]
LogConfig: Setting CVar [[s.LevelStreamingActorsUpdateTimeLimit:5.0]]
LogConfig: Setting CVar [[s.PriorityLevelStreamingActorsUpdateExtraTime:5.0]]
LogConfig: Setting CVar [[s.LevelStreamingComponentsRegistrationGranularity:10]]
LogConfig: Setting CVar [[s.UnregisterComponentsTimeLimit:1.0]]
LogConfig: Setting CVar [[s.LevelStreamingComponentsUnregistrationGranularity:5]]
LogConfig: Setting CVar [[s.FlushStreamingOnExit:1]]
LogInit: Object subsystem initialized
LogConfig: Setting CVar [[con.DebugEarlyDefault:1]]
LogConfig: Setting CVar [[r.setres:1280x720]]
[2020.06.11-12.30.50:560][  0]LogConfig: Setting CVar [[r.VSync:0]]
[2020.06.11-12.30.50:560][  0]LogConfig: Setting CVar [[r.RHICmdBypass:0]]
[2020.06.11-12.30.50:560][  0]LogConfig: Applying CVar settings from Section [/Script/Engine.RendererSettings] File [C:/Users/doria/Documents/GitHub/Online-FPS/OnlineFPS/Saved/Config/Windows/Engine.ini]
[2020.06.11-12.30.50:560][  0]LogConfig: Setting CVar [[r.GPUCrashDebugging:0]]
[2020.06.11-12.30.50:560][  0]LogConfig: Applying CVar settings from Section [/Script/Engine.RendererOverrideSettings] File [C:/Users/doria/Documents/GitHub/Online-FPS/OnlineFPS/Saved/Config/Windows/Engine.ini]
[2020.06.11-12.30.50:560][  0]LogConfig: Applying CVar settings from Section [/Script/Engine.StreamingSettings] File [C:/Users/doria/Documents/GitHub/Online-FPS/OnlineFPS/Saved/Config/Windows/Engine.ini]
[2020.06.11-12.30.50:560][  0]LogConfig: Setting CVar [[s.MinBulkDataSizeForAsyncLoading:131072]]
[2020.06.11-12.30.50:560][  0]LogConfig: Setting CVar [[s.AsyncLoadingThreadEnabled:0]]
[2020.06.11-12.30.50:560][  0]LogConfig: Setting CVar [[s.EventDrivenLoaderEnabled:1]]
[2020.06.11-12.30.50:560][  0]LogConfig: Setting CVar [[s.WarnIfTimeLimitExceeded:0]]
[2020.06.11-12.30.50:560][  0]LogConfig: Setting CVar [[s.TimeLimitExceededMultiplier:1.5]]
[2020.06.11-12.30.50:560][  0]LogConfig: Setting CVar [[s.TimeLimitExceededMinTime:0.005]]
[2020.06.11-12.30.50:560][  0]LogConfig: Setting CVar [[s.UseBackgroundLevelStreaming:1]]
[2020.06.11-12.30.50:560][  0]LogConfig: Setting CVar [[s.PriorityAsyncLoadingExtraTime:15.0]]
[2020.06.11-12.30.50:560][  0]LogConfig: Setting CVar [[s.LevelStreamingActorsUpdateTimeLimit:5.0]]
[2020.06.11-12.30.50:560][  0]LogConfig: Setting CVar [[s.PriorityLevelStreamingActorsUpdateExtraTime:5.0]]
[2020.06.11-12.30.50:560][  0]LogConfig: Setting CVar [[s.LevelStreamingComponentsRegistrationGranularity:10]]
[2020.06.11-12.30.50:560][  0]LogConfig: Setting CVar [[s.UnregisterComponentsTimeLimit:1.0]]
[2020.06.11-12.30.50:560][  0]LogConfig: Setting CVar [[s.LevelStreamingComponentsUnregistrationGranularity:5]]
[2020.06.11-12.30.50:560][  0]LogConfig: Setting CVar [[s.FlushStreamingOnExit:1]]
[2020.06.11-12.30.50:560][  0]LogConfig: Applying CVar settings from Section [/Script/Engine.GarbageCollectionSettings] File [C:/Users/doria/Documents/GitHub/Online-FPS/OnlineFPS/Saved/Config/Windows/Engine.ini]
[2020.06.11-12.30.50:560][  0]LogConfig: Setting CVar [[gc.MaxObjectsNotConsideredByGC:1]]
[2020.06.11-12.30.50:560][  0]LogConfig: Setting CVar [[gc.SizeOfPermanentObjectPool:0]]
[2020.06.11-12.30.50:560][  0]LogConfig: Setting CVar [[gc.FlushStreamingOnGC:0]]
[2020.06.11-12.30.50:560][  0]LogConfig: Setting CVar [[gc.NumRetriesBeforeForcingGC:10]]
[2020.06.11-12.30.50:560][  0]LogConfig: Setting CVar [[gc.AllowParallelGC:1]]
[2020.06.11-12.30.50:560][  0]LogConfig: Setting CVar [[gc.TimeBetweenPurgingPendingKillObjects:61.1]]
[2020.06.11-12.30.50:560][  0]LogConfig: Setting CVar [[gc.MaxObjectsInEditor:25165824]]
[2020.06.11-12.30.50:560][  0]LogConfig: Setting CVar [[gc.IncrementalBeginDestroyEnabled:1]]
[2020.06.11-12.30.50:560][  0]LogConfig: Setting CVar [[gc.CreateGCClusters:1]]
[2020.06.11-12.30.50:560][  0]LogConfig: Setting CVar [[gc.MinGCClusterSize:5]]
[2020.06.11-12.30.50:560][  0]LogConfig: Setting CVar [[gc.ActorClusteringEnabled:0]]
[2020.06.11-12.30.50:560][  0]LogConfig: Setting CVar [[gc.BlueprintClusteringEnabled:0]]
[2020.06.11-12.30.50:560][  0]LogConfig: Setting CVar [[gc.UseDisregardForGCOnDedicatedServers:0]]
[2020.06.11-12.30.50:560][  0]LogConfig: Applying CVar settings from Section [/Script/Engine.NetworkSettings] File [C:/Users/doria/Documents/GitHub/Online-FPS/OnlineFPS/Saved/Config/Windows/Engine.ini]
[2020.06.11-12.30.50:561][  0]LogConfig: Applying CVar settings from Section [/Script/UnrealEd.CookerSettings] File [C:/Users/doria/Documents/GitHub/Online-FPS/OnlineFPS/Saved/Config/Windows/Engine.ini]
[2020.06.11-12.30.50:566][  0]LogConfig: Applying CVar settings from Section [ViewDistanceQuality@3] File [C:/Users/doria/Documents/GitHub/Online-FPS/OnlineFPS/Saved/Config/Windows/Scalability.ini]
[2020.06.11-12.30.50:566][  0]LogConfig: Setting CVar [[r.SkeletalMeshLODBias:0]]
[2020.06.11-12.30.50:566][  0]LogConfig: Setting CVar [[r.ViewDistanceScale:1.0]]
[2020.06.11-12.30.50:566][  0]LogConfig: Applying CVar settings from Section [AntiAliasingQuality@3] File [C:/Users/doria/Documents/GitHub/Online-FPS/OnlineFPS/Saved/Config/Windows/Scalability.ini]
[2020.06.11-12.30.50:566][  0]LogConfig: Setting CVar [[r.PostProcessAAQuality:4]]
[2020.06.11-12.30.50:566][  0]LogConfig: Applying CVar settings from Section [ShadowQuality@3] File [C:/Users/doria/Documents/GitHub/Online-FPS/OnlineFPS/Saved/Config/Windows/Scalability.ini]
[2020.06.11-12.30.50:566][  0]LogConfig: Setting CVar [[r.LightFunctionQuality:1]]
[2020.06.11-12.30.50:566][  0]LogConfig: Setting CVar [[r.ShadowQuality:5]]
[2020.06.11-12.30.50:566][  0]LogConfig: Setting CVar [[r.Shadow.CSM.MaxCascades:10]]
[2020.06.11-12.30.50:566][  0]LogConfig: Setting CVar [[r.Shadow.MaxResolution:2048]]
[2020.06.11-12.30.50:566][  0]LogConfig: Setting CVar [[r.Shadow.MaxCSMResolution:2048]]
[2020.06.11-12.30.50:566][  0]LogConfig: Setting CVar [[r.Shadow.RadiusThreshold:0.01]]
[2020.06.11-12.30.50:566][  0]LogConfig: Setting CVar [[r.Shadow.DistanceScale:1.0]]
[2020.06.11-12.30.50:566][  0]LogConfig: Setting CVar [[r.Shadow.CSM.TransitionScale:1.0]]
[2020.06.11-12.30.50:566][  0]LogConfig: Setting CVar [[r.Shadow.PreShadowResolutionFactor:1.0]]
[2020.06.11-12.30.50:566][  0]LogConfig: Setting CVar [[r.DistanceFieldShadowing:1]]
[2020.06.11-12.30.50:566][  0]LogConfig: Setting CVar [[r.DistanceFieldAO:1]]
[2020.06.11-12.30.50:566][  0]LogConfig: Setting CVar [[r.AOQuality:2]]
[2020.06.11-12.30.50:566][  0]LogConfig: Setting CVar [[r.VolumetricFog:1]]
[2020.06.11-12.30.50:566][  0]LogConfig: Setting CVar [[r.VolumetricFog.GridPixelSize:8]]
[2020.06.11-12.30.50:566][  0]LogConfig: Setting CVar [[r.VolumetricFog.GridSizeZ:128]]
[2020.06.11-12.30.50:566][  0]LogConfig: Setting CVar [[r.VolumetricFog.HistoryMissSupersampleCount:4]]
[2020.06.11-12.30.50:566][  0]LogConfig: Setting CVar [[r.LightMaxDrawDistanceScale:1]]
[2020.06.11-12.30.50:566][  0]LogConfig: Setting CVar [[r.CapsuleShadows:1]]
[2020.06.11-12.30.50:566][  0]LogConfig: Applying CVar settings from Section [PostProcessQuality@3] File [C:/Users/doria/Documents/GitHub/Online-FPS/OnlineFPS/Saved/Config/Windows/Scalability.ini]
[2020.06.11-12.30.50:566][  0]LogConfig: Setting CVar [[r.MotionBlurQuality:4]]
[2020.06.11-12.30.50:566][  0]LogConfig: Setting CVar [[r.AmbientOcclusionMipLevelFactor:0.4]]
[2020.06.11-12.30.50:566][  0]LogConfig: Setting CVar [[r.AmbientOcclusionMaxQuality:100]]
[2020.06.11-12.30.50:566][  0]LogConfig: Setting CVar [[r.AmbientOcclusionLevels:-1]]
[2020.06.11-12.30.50:566][  0]LogConfig: Setting CVar [[r.AmbientOcclusionRadiusScale:1.0]]
[2020.06.11-12.30.50:566][  0]LogConfig: Setting CVar [[r.DepthOfFieldQuality:2]]
[2020.06.11-12.30.50:566][  0]LogConfig: Setting CVar [[r.RenderTargetPoolMin:400]]
[2020.06.11-12.30.50:566][  0]LogConfig: Setting CVar [[r.LensFlareQuality:2]]
[2020.06.11-12.30.50:566][  0]LogConfig: Setting CVar [[r.SceneColorFringeQuality:1]]
[2020.06.11-12.30.50:566][  0]LogConfig: Setting CVar [[r.EyeAdaptationQuality:2]]
[2020.06.11-12.30.50:566][  0]LogConfig: Setting CVar [[r.BloomQuality:5]]
[2020.06.11-12.30.50:566][  0]LogConfig: Setting CVar [[r.FastBlurThreshold:100]]
[2020.06.11-12.30.50:566][  0]LogConfig: Setting CVar [[r.Upscale.Quality:3]]
[2020.06.11-12.30.50:566][  0]LogConfig: Setting CVar [[r.Tonemapper.GrainQuantization:1]]
[2020.06.11-12.30.50:566][  0]LogConfig: Setting CVar [[r.LightShaftQuality:1]]
[2020.06.11-12.30.50:566][  0]LogConfig: Setting CVar [[r.Filter.SizeScale:1]]
[2020.06.11-12.30.50:566][  0]LogConfig: Setting CVar [[r.Tonemapper.Quality:5]]
[2020.06.11-12.30.50:566][  0]LogConfig: Setting CVar [[r.DOF.Gather.AccumulatorQuality:1        ; higher gathering accumulator quality]]
[2020.06.11-12.30.50:566][  0]LogConfig: Setting CVar [[r.DOF.Gather.PostfilterMethod:1          ; Median3x3 postfilering method]]
[2020.06.11-12.30.50:566][  0]LogConfig: Setting CVar [[r.DOF.Gather.EnableBokehSettings:0       ; no bokeh simulation when gathering]]
[2020.06.11-12.30.50:566][  0]LogConfig: Setting CVar [[r.DOF.Gather.RingCount:4                 ; medium number of samples when gathering]]
[2020.06.11-12.30.50:566][  0]LogConfig: Setting CVar [[r.DOF.Scatter.ForegroundCompositing:1    ; additive foreground scattering]]
[2020.06.11-12.30.50:566][  0]LogConfig: Setting CVar [[r.DOF.Scatter.BackgroundCompositing:2    ; additive background scattering]]
[2020.06.11-12.30.50:566][  0]LogConfig: Setting CVar [[r.DOF.Scatter.EnableBokehSettings:1      ; bokeh simulation when scattering]]
[2020.06.11-12.30.50:566][  0]LogConfig: Setting CVar [[r.DOF.Scatter.MaxSpriteRatio:0.1         ; only a maximum of 10% of scattered bokeh]]
[2020.06.11-12.30.50:566][  0]LogConfig: Setting CVar [[r.DOF.Recombine.Quality:1                ; cheap slight out of focus]]
[2020.06.11-12.30.50:566][  0]LogConfig: Setting CVar [[r.DOF.Recombine.EnableBokehSettings:0    ; no bokeh simulation on slight out of focus]]
[2020.06.11-12.30.50:567][  0]LogConfig: Setting CVar [[r.DOF.TemporalAAQuality:1                ; more stable temporal accumulation]]
[2020.06.11-12.30.50:567][  0]LogConfig: Setting CVar [[r.DOF.Kernel.MaxForegroundRadius:0.025]]
[2020.06.11-12.30.50:567][  0]LogConfig: Setting CVar [[r.DOF.Kernel.MaxBackgroundRadius:0.025]]
[2020.06.11-12.30.50:567][  0]LogConfig: Applying CVar settings from Section [TextureQuality@3] File [C:/Users/doria/Documents/GitHub/Online-FPS/OnlineFPS/Saved/Config/Windows/Scalability.ini]
[2020.06.11-12.30.50:567][  0]LogConfig: Setting CVar [[r.Streaming.MipBias:0]]
[2020.06.11-12.30.50:567][  0]LogConfig: Setting CVar [[r.Streaming.AmortizeCPUToGPUCopy:0]]
[2020.06.11-12.30.50:567][  0]LogConfig: Setting CVar [[r.Streaming.MaxNumTexturesToStreamPerFrame:0]]
[2020.06.11-12.30.50:567][  0]LogConfig: Setting CVar [[r.Streaming.Boost:1]]
[2020.06.11-12.30.50:567][  0]LogConfig: Setting CVar [[r.MaxAnisotropy:8]]
[2020.06.11-12.30.50:567][  0]LogConfig: Setting CVar [[r.VT.MaxAnisotropy:8]]
[2020.06.11-12.30.50:567][  0]LogConfig: Setting CVar [[r.Streaming.LimitPoolSizeToVRAM:0]]
[2020.06.11-12.30.50:567][  0]LogConfig: Setting CVar [[r.Streaming.PoolSize:1000]]
[2020.06.11-12.30.50:567][  0]LogConfig: Setting CVar [[r.Streaming.MaxEffectiveScreenSize:0]]
[2020.06.11-12.30.50:567][  0]LogConfig: Applying CVar settings from Section [EffectsQuality@3] File [C:/Users/doria/Documents/GitHub/Online-FPS/OnlineFPS/Saved/Config/Windows/Scalability.ini]
[2020.06.11-12.30.50:567][  0]LogConfig: Setting CVar [[r.TranslucencyLightingVolumeDim:64]]
[2020.06.11-12.30.50:567][  0]LogConfig: Setting CVar [[r.RefractionQuality:2]]
[2020.06.11-12.30.50:567][  0]LogConfig: Setting CVar [[r.SSR.Quality:3]]
[2020.06.11-12.30.50:567][  0]LogConfig: Setting CVar [[r.SSR.HalfResSceneColor:0]]
[2020.06.11-12.30.50:567][  0]LogConfig: Setting CVar [[r.SceneColorFormat:4]]
[2020.06.11-12.30.50:567][  0]LogConfig: Setting CVar [[r.DetailMode:2]]
[2020.06.11-12.30.50:567][  0]LogConfig: Setting CVar [[r.TranslucencyVolumeBlur:1]]
[2020.06.11-12.30.50:567][  0]LogConfig: Setting CVar [[r.MaterialQualityLevel:1 ; High quality]]
[2020.06.11-12.30.50:567][  0]LogConfig: Setting CVar [[r.SSS.Scale:1]]
[2020.06.11-12.30.50:567][  0]LogConfig: Setting CVar [[r.SSS.SampleSet:2]]
[2020.06.11-12.30.50:567][  0]LogConfig: Setting CVar [[r.SSS.Quality:1]]
[2020.06.11-12.30.50:567][  0]LogConfig: Setting CVar [[r.SSS.HalfRes:0]]
[2020.06.11-12.30.50:567][  0]LogConfig: Setting CVar [[r.SSGI.Quality:3]]
[2020.06.11-12.30.50:567][  0]LogConfig: Setting CVar [[r.EmitterSpawnRateScale:1.0]]
[2020.06.11-12.30.50:567][  0]LogConfig: Setting CVar [[r.ParticleLightQuality:2]]
[2020.06.11-12.30.50:567][  0]LogConfig: Setting CVar [[r.SkyAtmosphere.AerialPerspectiveLUT.FastApplyOnOpaque:1 ; Always have FastSkyLUT 1 in this case to avoid wrong sky]]
[2020.06.11-12.30.50:567][  0]LogConfig: Setting CVar [[r.SkyAtmosphere.AerialPerspectiveLUT.SampleCountPerSlice:1]]
[2020.06.11-12.30.50:567][  0]LogConfig: Setting CVar [[r.SkyAtmosphere.AerialPerspectiveLUT.DepthResolution:16.0]]
[2020.06.11-12.30.50:567][  0]LogConfig: Setting CVar [[r.SkyAtmosphere.FastSkyLUT:1]]
[2020.06.11-12.30.50:567][  0]LogConfig: Setting CVar [[r.SkyAtmosphere.FastSkyLUT.SampleCountMin:4.0]]
[2020.06.11-12.30.50:567][  0]LogConfig: Setting CVar [[r.SkyAtmosphere.FastSkyLUT.SampleCountMax:32.0]]
[2020.06.11-12.30.50:567][  0]LogConfig: Setting CVar [[r.SkyAtmosphere.SampleCountMin:4.0]]
[2020.06.11-12.30.50:567][  0]LogConfig: Setting CVar [[r.SkyAtmosphere.SampleCountMax:32.0]]
[2020.06.11-12.30.50:567][  0]LogConfig: Setting CVar [[r.SkyAtmosphere.TransmittanceLUT.UseSmallFormat:0]]
[2020.06.11-12.30.50:567][  0]LogConfig: Setting CVar [[r.SkyAtmosphere.TransmittanceLUT.SampleCount:10.0]]
[2020.06.11-12.30.50:567][  0]LogConfig: Setting CVar [[r.SkyAtmosphere.MultiScatteringLUT.SampleCount:15.0]]
[2020.06.11-12.30.50:567][  0]LogConfig: Applying CVar settings from Section [FoliageQuality@3] File [C:/Users/doria/Documents/GitHub/Online-FPS/OnlineFPS/Saved/Config/Windows/Scalability.ini]
[2020.06.11-12.30.50:567][  0]LogConfig: Setting CVar [[foliage.DensityScale:1.0]]
[2020.06.11-12.30.50:567][  0]LogConfig: Setting CVar [[grass.DensityScale:1.0]]
[2020.06.11-12.30.50:567][  0]LogConfig: Applying CVar settings from Section [ShadingQuality@3] File [C:/Users/doria/Documents/GitHub/Online-FPS/OnlineFPS/Saved/Config/Windows/Scalability.ini]
[2020.06.11-12.30.50:567][  0]LogConfig: Setting CVar [[r.HairStrands.SkyLighting.SampleCount:16]]
[2020.06.11-12.30.50:567][  0]LogConfig: Setting CVar [[r.HairStrands.SkyLighting.JitterIntegration:0]]
[2020.06.11-12.30.50:567][  0]LogConfig: Setting CVar [[r.HairStrands.SkyAO.SampleCount:16]]
[2020.06.11-12.30.50:567][  0]LogConfig: Setting CVar [[r.HairStrands.DeepShadow.SuperSampling:0]]
[2020.06.11-12.30.50:567][  0]LogConfig: Setting CVar [[r.HairStrands.VisibilityPPLL:0]]
[2020.06.11-12.30.50:567][  0]LogConfig: Setting CVar [[r.HairStrands.RasterizationScale:0.5]]
[2020.06.11-12.30.50:567][  0]LogConfig: Setting CVar [[r.HairStrands.VelocityRasterizationScale:1]]
[2020.06.11-12.30.50:567][  0]LogInit: Selected Device Profile: [Windows]
[2020.06.11-12.30.50:567][  0]LogInit: Applying CVar settings loaded from the selected device profile: [Windows]
[2020.06.11-12.30.50:567][  0]LogHAL: Display: Platform has ~ 32 GB [34287583232 / 34359738368 / 32], which maps to Largest [LargestMinGB=32, LargerMinGB=12, DefaultMinGB=8, SmallerMinGB=6, SmallestMinGB=0)
[2020.06.11-12.30.50:567][  0]LogInit: Going up to parent DeviceProfile []
[2020.06.11-12.30.50:567][  0]LogConfig: Applying CVar settings from Section [ViewDistanceQuality@3] File [C:/Users/doria/Documents/GitHub/Online-FPS/OnlineFPS/Saved/Config/Windows/Scalability.ini]
[2020.06.11-12.30.50:567][  0]LogConfig: Setting CVar [[r.SkeletalMeshLODBias:0]]
[2020.06.11-12.30.50:567][  0]LogConfig: Setting CVar [[r.ViewDistanceScale:1.0]]
[2020.06.11-12.30.50:567][  0]LogConfig: Applying CVar settings from Section [AntiAliasingQuality@3] File [C:/Users/doria/Documents/GitHub/Online-FPS/OnlineFPS/Saved/Config/Windows/Scalability.ini]
[2020.06.11-12.30.50:567][  0]LogConfig: Setting CVar [[r.PostProcessAAQuality:4]]
[2020.06.11-12.30.50:567][  0]LogConfig: Applying CVar settings from Section [ShadowQuality@3] File [C:/Users/doria/Documents/GitHub/Online-FPS/OnlineFPS/Saved/Config/Windows/Scalability.ini]
[2020.06.11-12.30.50:567][  0]LogConfig: Setting CVar [[r.LightFunctionQuality:1]]
[2020.06.11-12.30.50:567][  0]LogConfig: Setting CVar [[r.ShadowQuality:5]]
[2020.06.11-12.30.50:567][  0]LogConfig: Setting CVar [[r.Shadow.CSM.MaxCascades:10]]
[2020.06.11-12.30.50:567][  0]LogConfig: Setting CVar [[r.Shadow.MaxResolution:2048]]
[2020.06.11-12.30.50:568][  0]LogConfig: Setting CVar [[r.Shadow.MaxCSMResolution:2048]]
[2020.06.11-12.30.50:568][  0]LogConfig: Setting CVar [[r.Shadow.RadiusThreshold:0.01]]
[2020.06.11-12.30.50:568][  0]LogConfig: Setting CVar [[r.Shadow.DistanceScale:1.0]]
[2020.06.11-12.30.50:568][  0]LogConfig: Setting CVar [[r.Shadow.CSM.TransitionScale:1.0]]
[2020.06.11-12.30.50:568][  0]LogConfig: Setting CVar [[r.Shadow.PreShadowResolutionFactor:1.0]]
[2020.06.11-12.30.50:568][  0]LogConfig: Setting CVar [[r.DistanceFieldShadowing:1]]
[2020.06.11-12.30.50:568][  0]LogConfig: Setting CVar [[r.DistanceFieldAO:1]]
[2020.06.11-12.30.50:568][  0]LogConfig: Setting CVar [[r.AOQuality:2]]
[2020.06.11-12.30.50:568][  0]LogConfig: Setting CVar [[r.VolumetricFog:1]]
[2020.06.11-12.30.50:568][  0]LogConfig: Setting CVar [[r.VolumetricFog.GridPixelSize:8]]
[2020.06.11-12.30.50:568][  0]LogConfig: Setting CVar [[r.VolumetricFog.GridSizeZ:128]]
[2020.06.11-12.30.50:568][  0]LogConfig: Setting CVar [[r.VolumetricFog.HistoryMissSupersampleCount:4]]
[2020.06.11-12.30.50:568][  0]LogConfig: Setting CVar [[r.LightMaxDrawDistanceScale:1]]
[2020.06.11-12.30.50:568][  0]LogConfig: Setting CVar [[r.CapsuleShadows:1]]
[2020.06.11-12.30.50:568][  0]LogConfig: Applying CVar settings from Section [PostProcessQuality@3] File [C:/Users/doria/Documents/GitHub/Online-FPS/OnlineFPS/Saved/Config/Windows/Scalability.ini]
[2020.06.11-12.30.50:568][  0]LogConfig: Setting CVar [[r.MotionBlurQuality:4]]
[2020.06.11-12.30.50:568][  0]LogConfig: Setting CVar [[r.AmbientOcclusionMipLevelFactor:0.4]]
[2020.06.11-12.30.50:568][  0]LogConfig: Setting CVar [[r.AmbientOcclusionMaxQuality:100]]
[2020.06.11-12.30.50:568][  0]LogConfig: Setting CVar [[r.AmbientOcclusionLevels:-1]]
[2020.06.11-12.30.50:568][  0]LogConfig: Setting CVar [[r.AmbientOcclusionRadiusScale:1.0]]
[2020.06.11-12.30.50:568][  0]LogConfig: Setting CVar [[r.DepthOfFieldQuality:2]]
[2020.06.11-12.30.50:568][  0]LogConfig: Setting CVar [[r.RenderTargetPoolMin:400]]
[2020.06.11-12.30.50:568][  0]LogConfig: Setting CVar [[r.LensFlareQuality:2]]
[2020.06.11-12.30.50:568][  0]LogConfig: Setting CVar [[r.SceneColorFringeQuality:1]]
[2020.06.11-12.30.50:568][  0]LogConfig: Setting CVar [[r.EyeAdaptationQuality:2]]
[2020.06.11-12.30.50:568][  0]LogConfig: Setting CVar [[r.BloomQuality:5]]
[2020.06.11-12.30.50:568][  0]LogConfig: Setting CVar [[r.FastBlurThreshold:100]]
[2020.06.11-12.30.50:568][  0]LogConfig: Setting CVar [[r.Upscale.Quality:3]]
[2020.06.11-12.30.50:568][  0]LogConfig: Setting CVar [[r.Tonemapper.GrainQuantization:1]]
[2020.06.11-12.30.50:568][  0]LogConfig: Setting CVar [[r.LightShaftQuality:1]]
[2020.06.11-12.30.50:568][  0]LogConfig: Setting CVar [[r.Filter.SizeScale:1]]
[2020.06.11-12.30.50:568][  0]LogConfig: Setting CVar [[r.Tonemapper.Quality:5]]
[2020.06.11-12.30.50:568][  0]LogConfig: Setting CVar [[r.DOF.Gather.AccumulatorQuality:1        ; higher gathering accumulator quality]]
[2020.06.11-12.30.50:568][  0]LogConfig: Setting CVar [[r.DOF.Gather.PostfilterMethod:1          ; Median3x3 postfilering method]]
[2020.06.11-12.30.50:568][  0]LogConfig: Setting CVar [[r.DOF.Gather.EnableBokehSettings:0       ; no bokeh simulation when gathering]]
[2020.06.11-12.30.50:568][  0]LogConfig: Setting CVar [[r.DOF.Gather.RingCount:4                 ; medium number of samples when gathering]]
[2020.06.11-12.30.50:568][  0]LogConfig: Setting CVar [[r.DOF.Scatter.ForegroundCompositing:1    ; additive foreground scattering]]
[2020.06.11-12.30.50:568][  0]LogConfig: Setting CVar [[r.DOF.Scatter.BackgroundCompositing:2    ; additive background scattering]]
[2020.06.11-12.30.50:568][  0]LogConfig: Setting CVar [[r.DOF.Scatter.EnableBokehSettings:1      ; bokeh simulation when scattering]]
[2020.06.11-12.30.50:568][  0]LogConfig: Setting CVar [[r.DOF.Scatter.MaxSpriteRatio:0.1         ; only a maximum of 10% of scattered bokeh]]
[2020.06.11-12.30.50:568][  0]LogConfig: Setting CVar [[r.DOF.Recombine.Quality:1                ; cheap slight out of focus]]
[2020.06.11-12.30.50:568][  0]LogConfig: Setting CVar [[r.DOF.Recombine.EnableBokehSettings:0    ; no bokeh simulation on slight out of focus]]
[2020.06.11-12.30.50:568][  0]LogConfig: Setting CVar [[r.DOF.TemporalAAQuality:1                ; more stable temporal accumulation]]
[2020.06.11-12.30.50:568][  0]LogConfig: Setting CVar [[r.DOF.Kernel.MaxForegroundRadius:0.025]]
[2020.06.11-12.30.50:568][  0]LogConfig: Setting CVar [[r.DOF.Kernel.MaxBackgroundRadius:0.025]]
[2020.06.11-12.30.50:568][  0]LogConfig: Applying CVar settings from Section [TextureQuality@3] File [C:/Users/doria/Documents/GitHub/Online-FPS/OnlineFPS/Saved/Config/Windows/Scalability.ini]
[2020.06.11-12.30.50:568][  0]LogConfig: Setting CVar [[r.Streaming.MipBias:0]]
[2020.06.11-12.30.50:568][  0]LogConfig: Setting CVar [[r.Streaming.AmortizeCPUToGPUCopy:0]]
[2020.06.11-12.30.50:568][  0]LogConfig: Setting CVar [[r.Streaming.MaxNumTexturesToStreamPerFrame:0]]
[2020.06.11-12.30.50:568][  0]LogConfig: Setting CVar [[r.Streaming.Boost:1]]
[2020.06.11-12.30.50:568][  0]LogConfig: Setting CVar [[r.MaxAnisotropy:8]]
[2020.06.11-12.30.50:568][  0]LogConfig: Setting CVar [[r.VT.MaxAnisotropy:8]]
[2020.06.11-12.30.50:568][  0]LogConfig: Setting CVar [[r.Streaming.LimitPoolSizeToVRAM:0]]
[2020.06.11-12.30.50:568][  0]LogConfig: Setting CVar [[r.Streaming.PoolSize:1000]]
[2020.06.11-12.30.50:568][  0]LogConfig: Setting CVar [[r.Streaming.MaxEffectiveScreenSize:0]]
[2020.06.11-12.30.50:568][  0]LogConfig: Applying CVar settings from Section [EffectsQuality@3] File [C:/Users/doria/Documents/GitHub/Online-FPS/OnlineFPS/Saved/Config/Windows/Scalability.ini]
[2020.06.11-12.30.50:568][  0]LogConfig: Setting CVar [[r.TranslucencyLightingVolumeDim:64]]
[2020.06.11-12.30.50:568][  0]LogConfig: Setting CVar [[r.RefractionQuality:2]]
[2020.06.11-12.30.50:568][  0]LogConfig: Setting CVar [[r.SSR.Quality:3]]
[2020.06.11-12.30.50:568][  0]LogConfig: Setting CVar [[r.SSR.HalfResSceneColor:0]]
[2020.06.11-12.30.50:568][  0]LogConfig: Setting CVar [[r.SceneColorFormat:4]]
[2020.06.11-12.30.50:568][  0]LogConfig: Setting CVar [[r.DetailMode:2]]
[2020.06.11-12.30.50:568][  0]LogConfig: Setting CVar [[r.TranslucencyVolumeBlur:1]]
[2020.06.11-12.30.50:568][  0]LogConfig: Setting CVar [[r.MaterialQualityLevel:1 ; High quality]]
[2020.06.11-12.30.50:568][  0]LogConfig: Setting CVar [[r.SSS.Scale:1]]
[2020.06.11-12.30.50:568][  0]LogConfig: Setting CVar [[r.SSS.SampleSet:2]]
[2020.06.11-12.30.50:568][  0]LogConfig: Setting CVar [[r.SSS.Quality:1]]
[2020.06.11-12.30.50:568][  0]LogConfig: Setting CVar [[r.SSS.HalfRes:0]]
[2020.06.11-12.30.50:568][  0]LogConfig: Setting CVar [[r.SSGI.Quality:3]]
[2020.06.11-12.30.50:568][  0]LogConfig: Setting CVar [[r.EmitterSpawnRateScale:1.0]]
[2020.06.11-12.30.50:568][  0]LogConfig: Setting CVar [[r.ParticleLightQuality:2]]
[2020.06.11-12.30.50:568][  0]LogConfig: Setting CVar [[r.SkyAtmosphere.AerialPerspectiveLUT.FastApplyOnOpaque:1 ; Always have FastSkyLUT 1 in this case to avoid wrong sky]]
[2020.06.11-12.30.50:568][  0]LogConfig: Setting CVar [[r.SkyAtmosphere.AerialPerspectiveLUT.SampleCountPerSlice:1]]
[2020.06.11-12.30.50:568][  0]LogConfig: Setting CVar [[r.SkyAtmosphere.AerialPerspectiveLUT.DepthResolution:16.0]]
[2020.06.11-12.30.50:569][  0]LogConfig: Setting CVar [[r.SkyAtmosphere.FastSkyLUT:1]]
[2020.06.11-12.30.50:569][  0]LogConfig: Setting CVar [[r.SkyAtmosphere.FastSkyLUT.SampleCountMin:4.0]]
[2020.06.11-12.30.50:569][  0]LogConfig: Setting CVar [[r.SkyAtmosphere.FastSkyLUT.SampleCountMax:32.0]]
[2020.06.11-12.30.50:569][  0]LogConfig: Setting CVar [[r.SkyAtmosphere.SampleCountMin:4.0]]
[2020.06.11-12.30.50:569][  0]LogConfig: Setting CVar [[r.SkyAtmosphere.SampleCountMax:32.0]]
[2020.06.11-12.30.50:569][  0]LogConfig: Setting CVar [[r.SkyAtmosphere.TransmittanceLUT.UseSmallFormat:0]]
[2020.06.11-12.30.50:569][  0]LogConfig: Setting CVar [[r.SkyAtmosphere.TransmittanceLUT.SampleCount:10.0]]
[2020.06.11-12.30.50:569][  0]LogConfig: Setting CVar [[r.SkyAtmosphere.MultiScatteringLUT.SampleCount:15.0]]
[2020.06.11-12.30.50:569][  0]LogConfig: Applying CVar settings from Section [FoliageQuality@3] File [C:/Users/doria/Documents/GitHub/Online-FPS/OnlineFPS/Saved/Config/Windows/Scalability.ini]
[2020.06.11-12.30.50:569][  0]LogConfig: Setting CVar [[foliage.DensityScale:1.0]]
[2020.06.11-12.30.50:569][  0]LogConfig: Setting CVar [[grass.DensityScale:1.0]]
[2020.06.11-12.30.50:569][  0]LogConfig: Applying CVar settings from Section [ShadingQuality@3] File [C:/Users/doria/Documents/GitHub/Online-FPS/OnlineFPS/Saved/Config/Windows/Scalability.ini]
[2020.06.11-12.30.50:569][  0]LogConfig: Setting CVar [[r.HairStrands.SkyLighting.SampleCount:16]]
[2020.06.11-12.30.50:569][  0]LogConfig: Setting CVar [[r.HairStrands.SkyLighting.JitterIntegration:0]]
[2020.06.11-12.30.50:569][  0]LogConfig: Setting CVar [[r.HairStrands.SkyAO.SampleCount:16]]
[2020.06.11-12.30.50:569][  0]LogConfig: Setting CVar [[r.HairStrands.DeepShadow.SuperSampling:0]]
[2020.06.11-12.30.50:569][  0]LogConfig: Setting CVar [[r.HairStrands.VisibilityPPLL:0]]
[2020.06.11-12.30.50:569][  0]LogConfig: Setting CVar [[r.HairStrands.RasterizationScale:0.5]]
[2020.06.11-12.30.50:569][  0]LogConfig: Setting CVar [[r.HairStrands.VelocityRasterizationScale:1]]
[2020.06.11-12.30.50:569][  0]LogConfig: Applying CVar settings from Section [Startup] File [../../../Engine/Config/ConsoleVariables.ini]
[2020.06.11-12.30.50:569][  0]LogConfig: Setting CVar [[net.UseAdaptiveNetUpdateFrequency:0]]
[2020.06.11-12.30.50:569][  0]LogConfig: Setting CVar [[p.chaos.AllowCreatePhysxBodies:1]]
[2020.06.11-12.30.50:569][  0]LogConfig: Setting CVar [[fx.SkipVectorVMBackendOptimizations:1]]
[2020.06.11-12.30.50:569][  0]LogConfig: Applying CVar settings from Section [ConsoleVariables] File [C:/Users/doria/Documents/GitHub/Online-FPS/OnlineFPS/Saved/Config/Windows/Engine.ini]
[2020.06.11-12.30.50:569][  0]LogInit: Computer: DESKTOP-KHPFO13
[2020.06.11-12.30.50:569][  0]LogInit: User: doria
[2020.06.11-12.30.50:569][  0]LogInit: CPU Page size=4096, Cores=8
[2020.06.11-12.30.50:569][  0]LogInit: High frequency timer resolution =10.000000 MHz
[2020.06.11-12.30.50:569][  0]LogMemory: Memory total: Physical=31.9GB (32GB approx)
[2020.06.11-12.30.50:569][  0]LogMemory: Platform Memory Stats for Windows
[2020.06.11-12.30.50:569][  0]LogMemory: Process Physical Memory: 116.20 MB used, 116.21 MB peak
[2020.06.11-12.30.50:569][  0]LogMemory: Process Virtual Memory: 99.03 MB used, 99.03 MB peak
[2020.06.11-12.30.50:569][  0]LogMemory: Physical Memory: 7386.50 MB used,  25312.69 MB free, 32699.19 MB total
[2020.06.11-12.30.50:569][  0]LogMemory: Virtual Memory: 5190.49 MB used,  134212536.00 MB free, 134217728.00 MB total
[2020.06.11-12.30.50:576][  0]LogWindows: WindowsPlatformFeatures enabled
[2020.06.11-12.30.50:618][  0]LogInit: Physics initialised using underlying interface: PhysX
[2020.06.11-12.30.50:619][  0]LogInit: Using OS detected language (fr-FR).
[2020.06.11-12.30.50:619][  0]LogInit: Using OS detected locale (fr-FR).
[2020.06.11-12.30.50:622][  0]LogTextLocalizationManager: No specific localization for 'fr-FR' exists, so the 'fr' localization will be used.
[2020.06.11-12.30.50:623][  0]LogTextLocalizationResource: LocRes '../../../Engine/Content/Localization/Editor/fr/Editor.locres' could not be opened for reading!
[2020.06.11-12.30.50:623][  0]LogTextLocalizationResource: LocRes '../../../Engine/Content/Localization/EditorTutorials/fr/EditorTutorials.locres' could not be opened for reading!
[2020.06.11-12.30.50:623][  0]LogTextLocalizationResource: LocRes '../../../Engine/Content/Localization/Keywords/fr/Keywords.locres' could not be opened for reading!
[2020.06.11-12.30.50:623][  0]LogTextLocalizationResource: LocRes '../../../Engine/Content/Localization/Category/fr/Category.locres' could not be opened for reading!
[2020.06.11-12.30.50:623][  0]LogTextLocalizationResource: LocRes '../../../Engine/Content/Localization/ToolTips/fr/ToolTips.locres' could not be opened for reading!
[2020.06.11-12.30.50:623][  0]LogTextLocalizationResource: LocRes '../../../Engine/Content/Localization/PropertyNames/fr/PropertyNames.locres' could not be opened for reading!
[2020.06.11-12.30.50:623][  0]LogTextLocalizationResource: LocRes '../../../Engine/Content/Localization/Engine/fr/Engine.locres' could not be opened for reading!
[2020.06.11-12.30.50:624][  0]LogInit: Setting process to per monitor DPI aware
[2020.06.11-12.30.50:661][  0]LogSlate: New Slate User Created.  User Index 0, Is Virtual User: 0
[2020.06.11-12.30.50:661][  0]LogSlate: Slate User Registered.  User Index 0, Is Virtual User: 0
[2020.06.11-12.30.50:814][  0]LogHMD: Failed to initialize OpenVR with code 110
[2020.06.11-12.30.50:814][  0]LogD3D11RHI: D3D11 min allowed feature level: 11_0
[2020.06.11-12.30.50:814][  0]LogD3D11RHI: D3D11 max allowed feature level: 11_0
[2020.06.11-12.30.50:814][  0]LogD3D11RHI: D3D11 adapters:
[2020.06.11-12.30.50:888][  0]LogD3D11RHI:    0. 'NVIDIA GeForce RTX 2060 SUPER' (Feature Level 11_0)
[2020.06.11-12.30.50:888][  0]LogD3D11RHI:       8031/0/16349 MB DedicatedVideo/DedicatedSystem/SharedSystem, Outputs:2, VendorId:0x10de
[2020.06.11-12.30.50:890][  0]LogD3D11RHI:    1. 'Microsoft Basic Render Driver' (Feature Level 11_0)
[2020.06.11-12.30.50:890][  0]LogD3D11RHI:       0/0/16349 MB DedicatedVideo/DedicatedSystem/SharedSystem, Outputs:0, VendorId:0x1414
[2020.06.11-12.30.50:890][  0]LogD3D11RHI: Chosen D3D11 Adapter: 0
[2020.06.11-12.30.50:899][  0]LogD3D11RHI: Creating new Direct3DDevice
[2020.06.11-12.30.50:899][  0]LogD3D11RHI:     GPU DeviceId: 0x1f06 (for the marketing name, search the web for "GPU Device Id")
[2020.06.11-12.30.50:899][  0]LogWindows: EnumDisplayDevices:
[2020.06.11-12.30.50:899][  0]LogWindows:    0. 'NVIDIA GeForce RTX 2060 SUPER' (P:1 D:1)
[2020.06.11-12.30.50:899][  0]LogWindows:    1. 'NVIDIA GeForce RTX 2060 SUPER' (P:0 D:1)
[2020.06.11-12.30.50:900][  0]LogWindows:    2. 'NVIDIA GeForce RTX 2060 SUPER' (P:0 D:0)
[2020.06.11-12.30.50:900][  0]LogWindows:    3. 'NVIDIA GeForce RTX 2060 SUPER' (P:0 D:0)
[2020.06.11-12.30.50:900][  0]LogWindows: DebugString: FoundDriverCount:4 
[2020.06.11-12.30.50:900][  0]LogD3D11RHI:     Adapter Name: NVIDIA GeForce RTX 2060 SUPER
[2020.06.11-12.30.50:900][  0]LogD3D11RHI:   Driver Version: 446.14 (internal:26.21.14.4614, unified:446.14)
[2020.06.11-12.30.50:900][  0]LogD3D11RHI:      Driver Date: 5-15-2020
[2020.06.11-12.30.50:900][  0]LogRHI: Texture pool is 5621 MB (70% of 8031 MB)
[2020.06.11-12.30.50:957][  0]LogD3D11RHI: RHI has support for 64 bit atomics
[2020.06.11-12.30.50:960][  0]LogD3D11RHI: [Aftermath] Enabled and primed
[2020.06.11-12.30.50:960][  0]LogD3D11RHI: Async texture creation enabled
[2020.06.11-12.30.50:960][  0]LogD3D11RHI: Array index from any shader is supported
[2020.06.11-12.30.50:989][  0]LogD3D11RHI: GPU Timing Frequency: 1000.000000 (Debug: 2 1)
[2020.06.11-12.30.51:277][  0]LogTargetPlatformManager: Display: Loaded TargetPlatform 'AllDesktop'
[2020.06.11-12.30.51:303][  0]LogTargetPlatformManager: Display: Loaded TargetPlatform 'Android'
[2020.06.11-12.30.51:303][  0]LogTargetPlatformManager: Display: Loaded TargetPlatform 'Android_ASTC'
[2020.06.11-12.30.51:303][  0]LogTargetPlatformManager: Display: Loaded TargetPlatform 'Android_DXT'
[2020.06.11-12.30.51:303][  0]LogTargetPlatformManager: Display: Loaded TargetPlatform 'Android_ETC2'
[2020.06.11-12.30.51:303][  0]LogTargetPlatformManager: Display: Loaded TargetPlatform 'AndroidClient'
[2020.06.11-12.30.51:303][  0]LogTargetPlatformManager: Display: Loaded TargetPlatform 'Android_ASTCClient'
[2020.06.11-12.30.51:303][  0]LogTargetPlatformManager: Display: Loaded TargetPlatform 'Android_DXTClient'
[2020.06.11-12.30.51:303][  0]LogTargetPlatformManager: Display: Loaded TargetPlatform 'Android_ETC2Client'
[2020.06.11-12.30.51:303][  0]LogTargetPlatformManager: Display: Loaded TargetPlatform 'Android_Multi'
[2020.06.11-12.30.51:303][  0]LogTargetPlatformManager: Display: Loaded TargetPlatform 'Android_MultiClient'
[2020.06.11-12.30.51:332][  0]LogTargetPlatformManager: Display: Loaded TargetPlatform 'IOSClient'
[2020.06.11-12.30.51:332][  0]LogTargetPlatformManager: Display: Loaded TargetPlatform 'IOS'
[2020.06.11-12.30.51:346][  0]LogTargetPlatformManager: Display: Loaded TargetPlatform 'Linux'
[2020.06.11-12.30.51:357][  0]LogTargetPlatformManager: Display: Loaded TargetPlatform 'LinuxNoEditor'
[2020.06.11-12.30.51:368][  0]LogTargetPlatformManager: Display: Loaded TargetPlatform 'LinuxClient'
[2020.06.11-12.30.51:379][  0]LogTargetPlatformManager: Display: Loaded TargetPlatform 'LinuxServer'
[2020.06.11-12.30.51:391][  0]LogTargetPlatformManager: Display: Loaded TargetPlatform 'LinuxAArch64NoEditor'
[2020.06.11-12.30.51:403][  0]LogTargetPlatformManager: Display: Loaded TargetPlatform 'LinuxAArch64Client'
[2020.06.11-12.30.51:414][  0]LogTargetPlatformManager: Display: Loaded TargetPlatform 'LinuxAArch64Server'
[2020.06.11-12.30.51:444][  0]LogTargetPlatformManager: Display: Loaded TargetPlatform 'Lumin'
[2020.06.11-12.30.51:444][  0]LogTargetPlatformManager: Display: Loaded TargetPlatform 'LuminClient'
[2020.06.11-12.30.51:464][  0]LogTargetPlatformManager: Display: Loaded TargetPlatform 'TVOSClient'
[2020.06.11-12.30.51:464][  0]LogTargetPlatformManager: Display: Loaded TargetPlatform 'TVOS'
[2020.06.11-12.30.51:475][  0]LogTargetPlatformManager: Display: Loaded TargetPlatform 'WindowsNoEditor'
[2020.06.11-12.30.51:486][  0]LogTargetPlatformManager: Display: Loaded TargetPlatform 'Windows'
[2020.06.11-12.30.51:497][  0]LogTargetPlatformManager: Display: Loaded TargetPlatform 'WindowsClient'
[2020.06.11-12.30.51:509][  0]LogTargetPlatformManager: Display: Loaded TargetPlatform 'WindowsServer'
[2020.06.11-12.30.51:509][  0]LogTargetPlatformManager: Display: Building Assets For Windows
[2020.06.11-12.30.51:519][  0]LogAudioDebug: Display: Lib vorbis DLL was dynamically loaded.
[2020.06.11-12.30.51:596][  0]LogShaderCompilers: Guid format shader working directory is -21 characters bigger than the processId version (../../../../../../Users/doria/Documents/GitHub/Online-FPS/OnlineFPS/Intermediate/Shaders/WorkingDirectory/3280/).
[2020.06.11-12.30.51:596][  0]LogShaderCompilers: Cleaned the shader compiler working directory 'C:/Users/doria/AppData/Local/Temp/UnrealShaderWorkingDir/0B4492834FC5B9629B198C83519A41B8/'.
[2020.06.11-12.30.51:596][  0]LogXGEController: Cleaning working directory: C:/Users/doria/AppData/Local/Temp/UnrealXGEWorkingDir/
[2020.06.11-12.30.51:596][  0]LogXGEController: Cannot use XGE Controller as Incredibuild is not installed on this machine.
[2020.06.11-12.30.51:596][  0]LogShaderCompilers: Cannot use XGE Shader Compiler as Incredibuild is not installed on this machine.
[2020.06.11-12.30.51:596][  0]LogShaderCompilers: Display: Using Local Shader Compiler.
[2020.06.11-12.30.52:410][  0]LogDerivedDataCache: Display: Max Cache Size: 512 MB
[2020.06.11-12.30.52:471][  0]LogDerivedDataCache: Loaded boot cache 0.06s 104MB C:/Users/doria/AppData/Local/UnrealEngine/4.25/DerivedDataCache/Boot.ddc.
[2020.06.11-12.30.52:472][  0]LogDerivedDataCache: Display: Loaded Boot cache: C:/Users/doria/AppData/Local/UnrealEngine/4.25/DerivedDataCache/Boot.ddc
[2020.06.11-12.30.52:472][  0]LogDerivedDataCache: FDerivedDataBackendGraph:  Pak pak cache file ../../../../../../Users/doria/Documents/GitHub/Online-FPS/OnlineFPS/DerivedDataCache/DDC.ddp not found, will not use a pak cache.
[2020.06.11-12.30.52:472][  0]LogDerivedDataCache: Unable to find inner node Pak for hierarchical cache Hierarchy.
[2020.06.11-12.30.52:472][  0]LogDerivedDataCache: FDerivedDataBackendGraph:  CompressedPak pak cache file ../../../../../../Users/doria/Documents/GitHub/Online-FPS/OnlineFPS/DerivedDataCache/Compressed.ddp not found, will not use a pak cache.
[2020.06.11-12.30.52:472][  0]LogDerivedDataCache: Unable to find inner node CompressedPak for hierarchical cache Hierarchy.
[2020.06.11-12.30.52:483][  0]LogDerivedDataCache: Display: Pak cache opened for reading ../../../Engine/DerivedDataCache/Compressed.ddp.
[2020.06.11-12.30.52:483][  0]LogDerivedDataCache: FDerivedDataBackendGraph:  EnterprisePak pak cache file ../../../Enterprise/DerivedDataCache/Compressed.ddp not found, will not use a pak cache.
[2020.06.11-12.30.52:483][  0]LogDerivedDataCache: Unable to find inner node EnterprisePak for hierarchical cache Hierarchy.
[2020.06.11-12.30.52:485][  0]LogDerivedDataCache: Using Local data cache path C:/Users/doria/AppData/Local/UnrealEngine/Common/DerivedDataCache: Writable
[2020.06.11-12.30.52:485][  0]LogDerivedDataCache: Shared data cache path not found in *engine.ini, will not use an Shared cache.
[2020.06.11-12.30.52:485][  0]LogDerivedDataCache: Unable to find inner node Shared for hierarchical cache Hierarchy.
[2020.06.11-12.30.52:544][  0]LogSlate: Using FreeType 2.10.0
[2020.06.11-12.30.52:545][  0]LogSlate: SlateFontServices - WITH_FREETYPE: 1, WITH_HARFBUZZ: 1
[2020.06.11-12.30.52:567][  0]LogAssetRegistry: FAssetRegistry took 0.0027 seconds to start up
[2020.06.11-12.30.52:822][  0]LogInit: Selected Device Profile: [Windows]
[2020.06.11-12.30.52:943][  0]LogMeshReduction: Using QuadricMeshReduction for automatic static mesh reduction
[2020.06.11-12.30.52:943][  0]LogMeshReduction: Using SimplygonMeshReduction for automatic skeletal mesh reduction
[2020.06.11-12.30.52:943][  0]LogMeshReduction: Using ProxyLODMeshReduction for automatic mesh merging
[2020.06.11-12.30.52:943][  0]LogMeshReduction: No distributed automatic mesh merging module available
[2020.06.11-12.30.52:943][  0]LogMeshMerging: No distributed automatic mesh merging module available
[2020.06.11-12.30.52:962][  0]LogNetVersion: OnlineFPS 1.0.0, NetCL: 13144385, EngineNetVer: 14, GameNetVer: 0 (Checksum: 2223340347)
[2020.06.11-12.30.53:351][  0]LogAISub: UAISubsystem::UAISubsystem AISubsystem (000001AA6234D8C0), frame # 0
[2020.06.11-12.30.53:351][  0]LogAISub: UAISubsystem::UAISubsystem AIPerceptionSystem (000001AA6228ED40), frame # 0
[2020.06.11-12.30.53:353][  0]LogAISub: UAISubsystem::UAISubsystem EnvQueryManager (000001AA62328600), frame # 0
[2020.06.11-12.30.53:424][  0]LogPackageLocalizationCache: Processed 21 localized package path(s) for 1 prioritized culture(s) in 0.064898 seconds
[2020.06.11-12.30.53:430][  0]LogUObjectArray: 15917 objects as part of root set at end of initial load.
[2020.06.11-12.30.53:430][  0]LogUObjectAllocator: 3965568 out of 0 bytes used by permanent object pool.
[2020.06.11-12.30.53:430][  0]LogUObjectArray: CloseDisregardForGC: 0/0 objects in disregard for GC pool
[2020.06.11-12.30.53:735][  0]LogPython: Using Python 2.7.14
[2020.06.11-12.30.54:669][  0]LogTcpMessaging: Initializing TcpMessaging bridge
[2020.06.11-12.30.54:675][  0]LogUdpMessaging: Initializing bridge on interface 0.0.0.0:0 to multicast group 230.0.0.1:6666.
[2020.06.11-12.30.54:799][  0]SourceControl: Source control is disabled
[2020.06.11-12.30.54:800][  0]SourceControl: Source control is disabled
[2020.06.11-12.30.54:805][  0]SourceControl: Source control is disabled
[2020.06.11-12.30.54:809][  0]SourceControl: Source control is disabled
[2020.06.11-12.30.54:817][  0]SourceControl: Source control is disabled
[2020.06.11-12.30.55:217][  0]LogAndroidPermission: UAndroidPermissionCallbackProxy::GetInstance
[2020.06.11-12.30.55:258][  0]LogAudioCaptureCore: Display: No Audio Capture implementations found. Audio input will be silent.
[2020.06.11-12.30.55:259][  0]LogAudioCaptureCore: Display: No Audio Capture implementations found. Audio input will be silent.
[2020.06.11-12.30.55:350][  0]LogOcInput: OculusInput pre-init called
[2020.06.11-12.30.55:365][  0]LogWindows: Failed to load 'OVRPlugin.dll' (GetLastError=126)
[2020.06.11-12.30.55:365][  0]LogWindows: File 'OVRPlugin.dll' does not exist
[2020.06.11-12.30.55:723][  0]LogEngine: Initializing Engine...
[2020.06.11-12.30.55:724][  0]LogHMD: Failed to initialize OpenVR with code 110
[2020.06.11-12.30.55:724][  0]LogMagicLeap: Warning: VR disabled because ZI is not enabled.  To enable, in the editor, Edit -> Project Settings -> Plugins -> Magic Leap Plugin -> Enable Zero Iteration
[2020.06.11-12.30.55:725][  0]LogStats: UGameplayTagsManager::InitializeManager -  0.000 s
[2020.06.11-12.30.55:838][  0]LogInit: Initializing FReadOnlyCVARCache
[2020.06.11-12.30.55:850][  0]LogAIModule: Creating AISystem for world Untitled
[2020.06.11-12.30.55:850][  0]LogAISub: UAISubsystem::UAISubsystem EnvQueryManager (000001AA76B28C00), frame # 0
[2020.06.11-12.30.55:850][  0]LogAISub: UAISubsystem::UAISubsystem AIPerceptionSystem (000001AA76ADF600), frame # 0
[2020.06.11-12.30.55:857][  0]LogAudioMixer: Display: Audio Mixer Platform Settings:
[2020.06.11-12.30.55:857][  0]LogAudioMixer: Display: 	Sample Rate:						  48000
[2020.06.11-12.30.55:857][  0]LogAudioMixer: Display: 	Callback Buffer Frame Size Requested: 1024
[2020.06.11-12.30.55:857][  0]LogAudioMixer: Display: 	Callback Buffer Frame Size To Use:	  1024
[2020.06.11-12.30.55:857][  0]LogAudioMixer: Display: 	Number of buffers to queue:			  2
[2020.06.11-12.30.55:857][  0]LogAudioMixer: Display: 	Max Channels (voices):				  32
[2020.06.11-12.30.55:857][  0]LogAudioMixer: Display: 	Number of Async Source Workers:		  0
[2020.06.11-12.30.55:857][  0]LogAudio: Display: AudioDevice MaxSources: 32
[2020.06.11-12.30.55:858][  0]LogAudio: Display: Using built-in audio occlusion.
[2020.06.11-12.30.55:858][  0]LogAudioMixer: Display: Initializing audio mixer.
[2020.06.11-12.30.55:875][  0]LogAudioMixer: Display: 0: FrontLeft
[2020.06.11-12.30.55:876][  0]LogAudioMixer: Display: 1: FrontRight
[2020.06.11-12.30.55:907][  0]LogAudioMixer: Display: Using Audio Device VoiceMeeter Input (VB-Audio VoiceMeeter VAIO)
[2020.06.11-12.30.55:909][  0]LogAudioMixer: Display: Initializing Sound Submixes...
[2020.06.11-12.30.55:912][  0]LogAudioMixer: Display: Creating Master Submix 'MasterSubmixDefault'
[2020.06.11-12.30.55:912][  0]LogAudioMixer: Display: Creating Master Submix 'MasterReverbSubmixDefault'
[2020.06.11-12.30.55:913][  0]LogAudioMixer: Display: Creating Master Submix 'MasterEQSubmixDefault'
[2020.06.11-12.30.55:914][  0]LogInit: FAudioDevice initialized.
[2020.06.11-12.30.55:914][  0]LogNetVersion: Set ProjectVersion to 1.0.0.0. Version Checksum will be recalculated on next use.
[2020.06.11-12.30.59:466][  0]LogDerivedDataCache: Saved boot cache 3.55s 104MB C:/Users/doria/AppData/Local/UnrealEngine/4.25/DerivedDataCache/Boot.ddc.
[2020.06.11-12.30.59:471][  0]LogInit: Texture streaming: Enabled
[2020.06.11-12.30.59:490][  0]LogEngineSessionManager: EngineSessionManager initialized
[2020.06.11-12.30.59:490][  0]LogEditorSessionSummary: Verbose: Initializing EditorSessionSummaryWriter for editor session tracking
[2020.06.11-12.30.59:492][  0]LogEditorSessionSummary: EditorSessionSummaryWriter initialized
[2020.06.11-12.30.59:556][  0]LogInit: Transaction tracking system initialized
[2020.06.11-12.30.59:582][  0]BlueprintLog: New page: Editor Load
[2020.06.11-12.30.59:671][  0]LocalizationService: Localization service is disabled
[2020.06.11-12.30.59:857][  0]LogCook: Display: Max memory allowance for cook 16384mb min free memory 0mb
[2020.06.11-12.30.59:857][  0]LogCook: Display: Mobile HDR setting 1
[2020.06.11-12.31.00:038][  0]LogFileCache: Scanning file cache for directory 'C:/Users/doria/Documents/GitHub/Online-FPS/OnlineFPS/Content/' took 0.01s
[2020.06.11-12.31.00:211][  0]SourceControl: Source control is disabled
[2020.06.11-12.31.00:211][  0]LogUnrealEdMisc: Loading editor; pre map load, took 11.364
[2020.06.11-12.31.00:211][  0]Cmd: MAP LOAD FILE="../../../../../../Users/doria/Documents/GitHub/Online-FPS/OnlineFPS/Content/Maps/Menu_Map.umap" TEMPLATE=0 SHOWPROGRESS=1 FEATURELEVEL=3
[2020.06.11-12.31.00:212][  0]LightingResults: New page: Lighting Build
[2020.06.11-12.31.00:213][  0]LogWorld: UWorld::CleanupWorld for Untitled, bSessionEnded=true, bCleanupResources=true
[2020.06.11-12.31.00:213][  0]LogSlate: InvalidateAllWidgets triggered.  All widgets were invalidated
[2020.06.11-12.31.00:213][  0]MapCheck: New page: Map Check
[2020.06.11-12.31.00:213][  0]LightingResults: New page: Lighting Build
[2020.06.11-12.31.00:228][  0]LogAISub: UAISubsystem::~UAISubsystem EnvQueryManager (000001AA76B28C00), frame # 0
[2020.06.11-12.31.00:228][  0]LogAISub: UAISubsystem::~UAISubsystem AIPerceptionSystem (000001AA76ADF600), frame # 0
[2020.06.11-12.31.00:229][  0]LogUObjectHash: Compacting FUObjectHashTables data took   0.70ms
[2020.06.11-12.31.00:295][  0]LogAIModule: Creating AISystem for world Menu_Map
[2020.06.11-12.31.00:295][  0]LogAISub: UAISubsystem::UAISubsystem EnvQueryManager (000001AA76D61200), frame # 0
[2020.06.11-12.31.00:295][  0]LogAISub: UAISubsystem::UAISubsystem AIPerceptionSystem (000001AA76DC11C0), frame # 0
[2020.06.11-12.31.00:296][  0]LogEditorServer: Finished looking for orphan Actors (0.000 secs)
[2020.06.11-12.31.00:310][  0]LogUObjectHash: Compacting FUObjectHashTables data took   0.86ms
[2020.06.11-12.31.00:310][  0]Cmd: MAP CHECKDEP NOCLEARLOG
[2020.06.11-12.31.00:310][  0]MapCheck: Map check complete: 0 Error(s), 0 Warning(s), took 0,184ms to complete.
[2020.06.11-12.31.00:310][  0]LogFileHelpers: Loading map 'Menu_Map' took 0.099
[2020.06.11-12.31.00:312][  0]LogUnrealEdMisc: Total Editor Startup Time, took 11.465
[2020.06.11-12.31.00:440][  0]LogSlate: Updating window title bar state: overlay mode, drag disabled, window buttons hidden, title bar hidden
[2020.06.11-12.31.00:447][  0]LogSlate: Updating window title bar state: overlay mode, drag disabled, window buttons hidden, title bar hidden
[2020.06.11-12.31.00:454][  0]LogSlate: Updating window title bar state: overlay mode, drag disabled, window buttons hidden, title bar hidden
[2020.06.11-12.31.00:461][  0]LogSlate: Updating window title bar state: overlay mode, drag disabled, window buttons hidden, title bar hidden
[2020.06.11-12.31.00:524][  0]LogCollectionManager: Loaded 0 collections in 0.002207 seconds
[2020.06.11-12.31.00:540][  0]LogFileCache: Scanning file cache for directory 'C:/Users/doria/Documents/GitHub/Online-FPS/OnlineFPS/Saved/Collections/' took 0.00s
[2020.06.11-12.31.00:540][  0]LogFileCache: Scanning file cache for directory 'C:/Users/doria/Documents/GitHub/Online-FPS/OnlineFPS/Content/Developers/doria/Collections/' took 0.00s
[2020.06.11-12.31.00:540][  0]LogFileCache: Scanning file cache for directory 'C:/Users/doria/Documents/GitHub/Online-FPS/OnlineFPS/Content/Collections/' took 0.00s
[2020.06.11-12.31.00:540][  0]LogContentBrowser: Native class hierarchy populated in 0.0101 seconds. Added 3446 classes and 830 folders.
[2020.06.11-12.31.00:542][  0]LogContentBrowser: Native class hierarchy updated for 'WidgetCarousel' in 0.0003 seconds. Added 0 classes and 0 folders.
[2020.06.11-12.31.00:595][  0]LogContentBrowser: Native class hierarchy updated for 'AddContentDialog' in 0.0003 seconds. Added 0 classes and 0 folders.
[2020.06.11-12.31.00:613][  0]LogSlate: Took 0.000199 seconds to synchronously load lazily loaded font '../../../Engine/Content/Slate/Fonts/Roboto-Regular.ttf' (155K)
[2020.06.11-12.31.00:617][  0]LogSlate: Took 0.000192 seconds to synchronously load lazily loaded font '../../../Engine/Content/Slate/Fonts/Roboto-Bold.ttf' (160K)
[2020.06.11-12.31.00:619][  0]LogSlate: Took 0.000146 seconds to synchronously load lazily loaded font '../../../Engine/Content/Editor/Slate/Fonts/FontAwesome.ttf' (139K)
[2020.06.11-12.31.00:672][  0]LogRenderer: Reallocating scene render targets to support 1208x644 Format 10 NumSamples 1 (Frame:1).
[2020.06.11-12.31.00:752][  0]LogContentBrowser: Native class hierarchy updated for 'HierarchicalLODOutliner' in 0.0003 seconds. Added 0 classes and 0 folders.
[2020.06.11-12.31.00:752][  0]LogLoad: (Engine Initialization) Total time: 11.90 seconds
[2020.06.11-12.31.00:752][  0]LogLoad: (Engine Initialization) Total Blueprint compile time: 0.00 seconds
[2020.06.11-12.31.00:798][  0]LogAssetRegistry: Asset discovery search completed in 8.2321 seconds
[2020.06.11-12.31.00:808][  0]LogAutoSizeComments: Loaded auto size comments cache: ../../../Engine/Plugins/Marketplace/AutoSizeComments/ASCCache/90203E95415451EC503F0B82B21E6786.json
[2020.06.11-12.31.00:808][  0]LogCollectionManager: Fixed up redirectors for 0 collections in 0.000003 seconds (updated 0 objects)
[2020.06.11-12.31.00:809][  0]LogContentStreaming: Texture pool size now 1000 MB
[2020.06.11-12.31.00:845][  0]LogSlate: Took 0.000189 seconds to synchronously load lazily loaded font '../../../Engine/Content/Slate/Fonts/Roboto-Light.ttf' (167K)
[2020.06.11-12.31.00:854][  1]LogFileCache: Retrieving MD5 hashes for directory 'C:/Users/doria/Documents/GitHub/Online-FPS/OnlineFPS/Content/' took 0.09s
[2020.06.11-12.32.09:951][281]LogSlate: Took 0.001111 seconds to synchronously load lazily loaded font '../../../Engine/Content/Slate/Fonts/DroidSansFallback.ttf' (3848K)
[2020.06.11-12.32.15:135][892]LogSlate: Took 0.000188 seconds to synchronously load lazily loaded font '../../../Engine/Content/Slate/Fonts/Roboto-Light.ttf' (167K)
[2020.06.11-12.32.15:145][892]LogAssetEditorSubsystem: Opening Asset editor for WidgetBlueprint /Game/HUD/HUD_Wait.HUD_Wait
[2020.06.11-12.32.15:314][892]LogContentBrowser: Native class hierarchy updated for 'BlueprintGraph' in 0.0006 seconds. Added 125 classes and 0 folders.
[2020.06.11-12.32.16:601][892]LogSlate: Took 0.000192 seconds to synchronously load lazily loaded font '../../../Engine/Content/Slate/Fonts/Roboto-BoldCondensed.ttf' (158K)
[2020.06.11-12.32.25:816][973]LogSlate: Took 0.000210 seconds to synchronously load lazily loaded font '../../../Engine/Content/Slate/Fonts/Roboto-Italic.ttf' (157K)
[2020.06.11-12.32.44:444][159]BlueprintLog: New page: Compile HUD_Wait
[2020.06.11-12.32.44:503][159]LogUObjectHash: Compacting FUObjectHashTables data took   4.09ms
[2020.06.11-12.32.44:536][159]LogSlate: Took 0.000204 seconds to synchronously load lazily loaded font '../../../Engine/Content/Slate/Fonts/DroidSansMono.ttf' (77K)
[2020.06.11-12.32.50:270][846]LogTemp: Repeating last play command: Selected Viewport
[2020.06.11-12.32.50:292][846]LogPlayLevel: PlayLevel: No blueprints needed recompiling
[2020.06.11-12.32.50:293][846]PIE: New page: PIE session: Menu_Map (11 juin 2020 à 16:32:50)
[2020.06.11-12.32.50:294][846]LogOnline: OSS: Creating online subsystem instance for: NULL
[2020.06.11-12.32.50:296][846]LogOnline: OSS: TryLoadSubsystemAndSetDefault: Loaded subsystem for module [NULL]
[2020.06.11-12.32.50:296][846]LogPlayLevel: Creating play world package: /Game/Maps/UEDPIE_0_Menu_Map
[2020.06.11-12.32.50:297][846]LogPlayLevel: PIE: StaticDuplicateObject took: (0.000890s)
[2020.06.11-12.32.50:298][846]LogAIModule: Creating AISystem for world Menu_Map
[2020.06.11-12.32.50:298][846]LogAISub: UAISubsystem::UAISubsystem EnvQueryManager (000001AA1CDED600), frame # 12846
[2020.06.11-12.32.50:298][846]LogAISub: UAISubsystem::UAISubsystem AIPerceptionSystem (000001AA86FC7C40), frame # 12846
[2020.06.11-12.32.50:298][846]LogPlayLevel: PIE: World Init took: (0.000950s)
[2020.06.11-12.32.50:298][846]LogPlayLevel: PIE: Created PIE world by copying editor world from /Game/Maps/Menu_Map.Menu_Map to /Game/Maps/UEDPIE_0_Menu_Map.Menu_Map (0.001947s)
[2020.06.11-12.32.50:322][846]LogUObjectHash: Compacting FUObjectHashTables data took   3.56ms
[2020.06.11-12.32.50:323][846]LogAudioMixer: Display: Audio Mixer Platform Settings:
[2020.06.11-12.32.50:323][846]LogAudioMixer: Display: 	Sample Rate:						  48000
[2020.06.11-12.32.50:323][846]LogAudioMixer: Display: 	Callback Buffer Frame Size Requested: 1024
[2020.06.11-12.32.50:323][846]LogAudioMixer: Display: 	Callback Buffer Frame Size To Use:	  1024
[2020.06.11-12.32.50:323][846]LogAudioMixer: Display: 	Number of buffers to queue:			  2
[2020.06.11-12.32.50:323][846]LogAudioMixer: Display: 	Max Channels (voices):				  32
[2020.06.11-12.32.50:323][846]LogAudioMixer: Display: 	Number of Async Source Workers:		  0
[2020.06.11-12.32.50:324][846]LogAudio: Display: AudioDevice MaxSources: 32
[2020.06.11-12.32.50:324][846]LogAudio: Display: Using built-in audio occlusion.
[2020.06.11-12.32.50:324][846]LogAudioMixer: Display: Initializing audio mixer.
[2020.06.11-12.32.50:328][846]LogAudioMixer: Display: 0: FrontLeft
[2020.06.11-12.32.50:328][846]LogAudioMixer: Display: 1: FrontRight
[2020.06.11-12.32.50:340][846]LogAudioMixer: Display: Using Audio Device VoiceMeeter Input (VB-Audio VoiceMeeter VAIO)
[2020.06.11-12.32.50:340][846]LogAudioMixer: Display: Initializing Sound Submixes...
[2020.06.11-12.32.50:340][846]LogAudioMixer: Display: Creating Master Submix 'MasterSubmixDefault'
[2020.06.11-12.32.50:340][846]LogAudioMixer: Display: Creating Master Submix 'MasterReverbSubmixDefault'
[2020.06.11-12.32.50:341][846]LogAudioMixer: Display: Creating Master Submix 'MasterEQSubmixDefault'
[2020.06.11-12.32.50:352][846]LogInit: FAudioDevice initialized.
[2020.06.11-12.32.50:375][846]LogSlate: Updating window title bar state: overlay mode, drag disabled, window buttons hidden, title bar hidden
[2020.06.11-12.32.50:375][846]LogLoad: Game class is 'MenuZombie_GM_C'
[2020.06.11-12.32.50:376][846]LogWorld: Bringing World /Game/Maps/UEDPIE_0_Menu_Map.Menu_Map up for play (max tick rate 0) at 2020.06.11-14.32.50
[2020.06.11-12.32.50:376][846]LogWorld: Bringing up level for play took: 0.000306
[2020.06.11-12.32.50:376][846]LogOnline: OSS: Creating online subsystem instance for: :Context_3
[2020.06.11-12.32.50:378][846]LogGameMode: FindPlayerStart: PATHS NOT DEFINED or NO PLAYERSTART with positive rating
[2020.06.11-12.32.50:389][846]LogContentBrowser: Native class hierarchy updated for 'MovieSceneCapture' in 0.0004 seconds. Added 20 classes and 0 folders.
[2020.06.11-12.32.50:390][846]LogNet: ReplicationDriverClass is null! Not using ReplicationDriver.
[2020.06.11-12.32.50:390][846]LogNetCore: DDoS detection status: detection enabled: 0 analytics enabled: 0
[2020.06.11-12.32.50:391][846]LogInit: WinSock: Socket queue. Rx: 131072 (config 131072) Tx: 131072 (config 131072)
[2020.06.11-12.32.50:391][846]LogNet: Created socket for bind address: 0.0.0.0 on port 17777
[2020.06.11-12.32.50:391][846]PacketHandlerLog: Loaded PacketHandler component: Engine.EngineHandlerComponentFactory (StatelessConnectHandlerComponent)
[2020.06.11-12.32.50:391][846]LogNet: GameNetDriver IpNetDriver_0 IpNetDriver listening on port 17777
[2020.06.11-12.32.50:393][846]PIE: Server logged in
[2020.06.11-12.32.50:393][846]PIE: Play in editor total start time 0,102 seconds.
[2020.06.11-12.32.50:441][847]LogRenderer: Reallocating scene render targets to support 1280x720 Format 10 NumSamples 1 (Frame:1).
[2020.06.11-12.32.51:863][979]LogNet: Browse: /Game/Maps/WaitScreen_Map?listen
[2020.06.11-12.32.51:863][979]LogLoad: LoadMap: /Game/Maps/WaitScreen_Map?listen
[2020.06.11-12.32.51:863][979]LogWorld: BeginTearingDown for /Game/Maps/UEDPIE_0_Menu_Map
[2020.06.11-12.32.51:863][979]LogNet: World NetDriver shutdown IpNetDriver_0 [GameNetDriver]
[2020.06.11-12.32.51:863][979]LogNet: DestroyNamedNetDriver IpNetDriver_0 [GameNetDriver]
[2020.06.11-12.32.51:863][979]LogExit: GameNetDriver IpNetDriver_0 shut down
[2020.06.11-12.32.51:863][979]LogWorld: UWorld::CleanupWorld for Menu_Map, bSessionEnded=true, bCleanupResources=true
[2020.06.11-12.32.51:863][979]LogSlate: InvalidateAllWidgets triggered.  All widgets were invalidated
[2020.06.11-12.32.51:870][979]LogAudioMixer: Display: Flush succeeded in the source manager command queue (1).
[2020.06.11-12.32.51:890][979]LogAudioMixer: Display: Flush succeeded the source manager command queue (2).
[2020.06.11-12.32.51:923][979]LogAISub: UAISubsystem::~UAISubsystem AIPerceptionSystem (000001AA86FC7C40), frame # 12979
[2020.06.11-12.32.51:923][979]LogAISub: UAISubsystem::~UAISubsystem EnvQueryManager (000001AA1CDED600), frame # 12979
[2020.06.11-12.32.51:957][979]LogUObjectHash: Compacting FUObjectHashTables data took   3.86ms
[2020.06.11-12.32.51:971][979]LogAIModule: Creating AISystem for world WaitScreen_Map
[2020.06.11-12.32.51:971][979]LogAISub: UAISubsystem::UAISubsystem EnvQueryManager (000001AA8171B000), frame # 12979
[2020.06.11-12.32.51:971][979]LogAISub: UAISubsystem::UAISubsystem AIPerceptionSystem (000001AA815E51C0), frame # 12979
[2020.06.11-12.32.51:971][979]LogLoad: Game class is 'WaitScreen_GM_C'
[2020.06.11-12.32.51:971][979]LogNet: ReplicationDriverClass is null! Not using ReplicationDriver.
[2020.06.11-12.32.51:971][979]LogNetCore: DDoS detection status: detection enabled: 0 analytics enabled: 0
[2020.06.11-12.32.51:971][979]LogInit: WinSock: Socket queue. Rx: 131072 (config 131072) Tx: 131072 (config 131072)
[2020.06.11-12.32.51:971][979]LogNet: Created socket for bind address: 0.0.0.0 on port 7777
[2020.06.11-12.32.51:971][979]PacketHandlerLog: Loaded PacketHandler component: Engine.EngineHandlerComponentFactory (StatelessConnectHandlerComponent)
[2020.06.11-12.32.51:971][979]LogNet: GameNetDriver IpNetDriver_1 IpNetDriver listening on port 7777
[2020.06.11-12.32.51:972][979]LogWorld: Bringing World /Game/Maps/UEDPIE_0_WaitScreen_Map.WaitScreen_Map up for play (max tick rate 0) at 2020.06.11-14.32.51
[2020.06.11-12.32.51:972][979]LogWorld: Bringing up level for play took: 0.000702
[2020.06.11-12.32.51:973][979]LogLoad: Took 0.110678 seconds to LoadMap(/Game/Maps/WaitScreen_Map)
[2020.06.11-12.32.52:970][ 99]PIE: Error: SetInputMode_GameOnly expects a valid player controller as 'PlayerController' target
[2020.06.11-12.32.52:971][ 99]LogNet: Browse: /Game/Maps/ThirdPersonExampleMap
[2020.06.11-12.32.52:971][ 99]LogLoad: LoadMap: /Game/Maps/ThirdPersonExampleMap
[2020.06.11-12.32.52:971][ 99]LogWorld: BeginTearingDown for /Game/Maps/UEDPIE_0_WaitScreen_Map
[2020.06.11-12.32.52:971][ 99]LogNet: World NetDriver shutdown IpNetDriver_1 [GameNetDriver]
[2020.06.11-12.32.52:971][ 99]LogNet: DestroyNamedNetDriver IpNetDriver_1 [GameNetDriver]
[2020.06.11-12.32.52:971][ 99]LogExit: GameNetDriver IpNetDriver_1 shut down
[2020.06.11-12.32.52:972][ 99]LogWorld: UWorld::CleanupWorld for WaitScreen_Map, bSessionEnded=true, bCleanupResources=true
[2020.06.11-12.32.52:972][ 99]LogSlate: InvalidateAllWidgets triggered.  All widgets were invalidated
[2020.06.11-12.32.52:979][ 99]LogAudioMixer: Display: Flush succeeded in the source manager command queue (1).
[2020.06.11-12.32.52:999][ 99]LogAudioMixer: Display: Flush succeeded the source manager command queue (2).
[2020.06.11-12.32.53:026][ 99]LogAISub: UAISubsystem::~UAISubsystem AIPerceptionSystem (000001AA815E51C0), frame # 13099
[2020.06.11-12.32.53:026][ 99]LogAISub: UAISubsystem::~UAISubsystem EnvQueryManager (000001AA8171B000), frame # 13099
[2020.06.11-12.32.53:044][ 99]LogUObjectHash: Compacting FUObjectHashTables data took   3.15ms
[2020.06.11-12.32.53:774][ 99]LogBlueprint: Warning: [Compiler Ue4ASP_Character] InputAction Event references unknown Action 'Crouch' for  InputAction Crouch
[2020.06.11-12.32.54:779][ 99]LogAIModule: Creating AISystem for world ThirdPersonExampleMap
[2020.06.11-12.32.54:780][ 99]LogAISub: UAISubsystem::UAISubsystem EnvQueryManager (000001AA85B83E00), frame # 13099
[2020.06.11-12.32.54:780][ 99]LogAISub: UAISubsystem::UAISubsystem AIPerceptionSystem (000001AA81736980), frame # 13099
[2020.06.11-12.32.54:780][ 99]LogLoad: Game class is 'Game_GM_C'
[2020.06.11-12.32.54:784][ 99]LogWorld: Bringing World /Game/Maps/UEDPIE_0_ThirdPersonExampleMap.ThirdPersonExampleMap up for play (max tick rate 0) at 2020.06.11-14.32.54
[2020.06.11-12.32.54:784][ 99]LogWorld: Bringing up level for play took: 0.003578
[2020.06.11-12.32.54:791][ 99]LogLoad: Took 1.818966 seconds to LoadMap(/Game/Maps/ThirdPersonExampleMap)
[2020.06.11-12.32.57:730][448]LogAudioMixer: Display: No commands were queued while flushing the source manager.
[2020.06.11-12.32.57:740][448]LogAudioMixer: Display: Flush succeeded in the source manager command queue (1).
[2020.06.11-12.32.57:760][448]LogAudioMixer: Display: Flush succeeded the source manager command queue (2).
[2020.06.11-12.32.57:761][448]LogSlate: Updating window title bar state: overlay mode, drag disabled, window buttons hidden, title bar hidden
[2020.06.11-12.32.57:761][448]LogWorld: BeginTearingDown for /Game/Maps/UEDPIE_0_ThirdPersonExampleMap
[2020.06.11-12.32.57:761][448]LogSlate: Window 'OnlineFPS Preview [NetMode: Server] (64-bit/Windows) ' being destroyed
[2020.06.11-12.32.57:766][448]LogAudioMixer: Display: No commands were queued while flushing the source manager.
[2020.06.11-12.32.57:766][448]LogWorld: UWorld::CleanupWorld for ThirdPersonExampleMap, bSessionEnded=true, bCleanupResources=true
[2020.06.11-12.32.57:767][448]LogSlate: InvalidateAllWidgets triggered.  All widgets were invalidated
[2020.06.11-12.32.57:772][448]LogPlayLevel: Display: Shutting down PIE online subsystems
[2020.06.11-12.32.57:777][448]LogSlate: InvalidateAllWidgets triggered.  All widgets were invalidated
[2020.06.11-12.32.57:804][448]LogAudioMixer: Display: No commands were queued while flushing the source manager.
[2020.06.11-12.32.57:823][448]LogAISub: UAISubsystem::~UAISubsystem AIPerceptionSystem (000001AA81736980), frame # 13448
[2020.06.11-12.32.57:823][448]LogAISub: UAISubsystem::~UAISubsystem EnvQueryManager (000001AA85B83E00), frame # 13448
[2020.06.11-12.32.57:828][448]LogUObjectHash: Compacting FUObjectHashTables data took   3.42ms
[2020.06.11-12.32.57:885][449]LogPlayLevel: Display: Destroying online subsystem :Context_3
[2020.06.11-12.33.08:325][643]BlueprintLog: New page: Compile HUD_Wait
[2020.06.11-12.33.08:358][643]LogUObjectHash: Compacting FUObjectHashTables data took   2.88ms
[2020.06.11-12.33.09:692][795]LogTemp: Repeating last play command: Selected Viewport
[2020.06.11-12.33.09:714][795]LogPlayLevel: PlayLevel: No blueprints needed recompiling
[2020.06.11-12.33.09:714][795]PIE: New page: PIE session: Menu_Map (11 juin 2020 à 16:33:09)
[2020.06.11-12.33.09:714][795]LogPlayLevel: Creating play world package: /Game/Maps/UEDPIE_0_Menu_Map
[2020.06.11-12.33.09:715][795]LogPlayLevel: PIE: StaticDuplicateObject took: (0.000850s)
[2020.06.11-12.33.09:716][795]LogAIModule: Creating AISystem for world Menu_Map
[2020.06.11-12.33.09:716][795]LogAISub: UAISubsystem::UAISubsystem EnvQueryManager (000001AA802C1E00), frame # 14795
[2020.06.11-12.33.09:716][795]LogAISub: UAISubsystem::UAISubsystem AIPerceptionSystem (000001AA888DDE40), frame # 14795
[2020.06.11-12.33.09:716][795]LogPlayLevel: PIE: World Init took: (0.000956s)
[2020.06.11-12.33.09:716][795]LogPlayLevel: PIE: Created PIE world by copying editor world from /Game/Maps/Menu_Map.Menu_Map to /Game/Maps/UEDPIE_0_Menu_Map.Menu_Map (0.001894s)
[2020.06.11-12.33.09:741][795]LogUObjectHash: Compacting FUObjectHashTables data took   3.84ms
[2020.06.11-12.33.09:742][795]LogAudioMixer: Display: Audio Mixer Platform Settings:
[2020.06.11-12.33.09:742][795]LogAudioMixer: Display: 	Sample Rate:						  48000
[2020.06.11-12.33.09:742][795]LogAudioMixer: Display: 	Callback Buffer Frame Size Requested: 1024
[2020.06.11-12.33.09:742][795]LogAudioMixer: Display: 	Callback Buffer Frame Size To Use:	  1024
[2020.06.11-12.33.09:742][795]LogAudioMixer: Display: 	Number of buffers to queue:			  2
[2020.06.11-12.33.09:742][795]LogAudioMixer: Display: 	Max Channels (voices):				  32
[2020.06.11-12.33.09:742][795]LogAudioMixer: Display: 	Number of Async Source Workers:		  0
[2020.06.11-12.33.09:742][795]LogAudio: Display: AudioDevice MaxSources: 32
[2020.06.11-12.33.09:742][795]LogAudio: Display: Using built-in audio occlusion.
[2020.06.11-12.33.09:742][795]LogAudioMixer: Display: Initializing audio mixer.
[2020.06.11-12.33.09:746][795]LogAudioMixer: Display: 0: FrontLeft
[2020.06.11-12.33.09:746][795]LogAudioMixer: Display: 1: FrontRight
[2020.06.11-12.33.09:757][795]LogAudioMixer: Display: Using Audio Device VoiceMeeter Input (VB-Audio VoiceMeeter VAIO)
[2020.06.11-12.33.09:757][795]LogAudioMixer: Display: Initializing Sound Submixes...
[2020.06.11-12.33.09:757][795]LogAudioMixer: Display: Creating Master Submix 'MasterSubmixDefault'
[2020.06.11-12.33.09:757][795]LogAudioMixer: Display: Creating Master Submix 'MasterReverbSubmixDefault'
[2020.06.11-12.33.09:757][795]LogAudioMixer: Display: Creating Master Submix 'MasterEQSubmixDefault'
[2020.06.11-12.33.09:758][795]LogInit: FAudioDevice initialized.
[2020.06.11-12.33.09:781][795]LogSlate: Updating window title bar state: overlay mode, drag disabled, window buttons hidden, title bar hidden
[2020.06.11-12.33.09:781][795]LogLoad: Game class is 'MenuZombie_GM_C'
[2020.06.11-12.33.09:782][795]LogWorld: Bringing World /Game/Maps/UEDPIE_0_Menu_Map.Menu_Map up for play (max tick rate 0) at 2020.06.11-14.33.09
[2020.06.11-12.33.09:782][795]LogWorld: Bringing up level for play took: 0.000329
[2020.06.11-12.33.09:782][795]LogOnline: OSS: Creating online subsystem instance for: :Context_4
[2020.06.11-12.33.09:783][795]LogGameMode: FindPlayerStart: PATHS NOT DEFINED or NO PLAYERSTART with positive rating
[2020.06.11-12.33.09:784][795]LogNet: ReplicationDriverClass is null! Not using ReplicationDriver.
[2020.06.11-12.33.09:784][795]LogNetCore: DDoS detection status: detection enabled: 0 analytics enabled: 0
[2020.06.11-12.33.09:784][795]LogInit: WinSock: Socket queue. Rx: 131072 (config 131072) Tx: 131072 (config 131072)
[2020.06.11-12.33.09:784][795]LogNet: Created socket for bind address: 0.0.0.0 on port 17777
[2020.06.11-12.33.09:784][795]PacketHandlerLog: Loaded PacketHandler component: Engine.EngineHandlerComponentFactory (StatelessConnectHandlerComponent)
[2020.06.11-12.33.09:785][795]LogNet: GameNetDriver IpNetDriver_2 IpNetDriver listening on port 17777
[2020.06.11-12.33.09:787][795]PIE: Server logged in
[2020.06.11-12.33.09:787][795]PIE: Play in editor total start time 0,074 seconds.
[2020.06.11-12.33.12:273][ 90]LogNet: Browse: /Game/Maps/WaitScreen_Map?listen
[2020.06.11-12.33.12:273][ 90]LogLoad: LoadMap: /Game/Maps/WaitScreen_Map?listen
[2020.06.11-12.33.12:273][ 90]LogWorld: BeginTearingDown for /Game/Maps/UEDPIE_0_Menu_Map
[2020.06.11-12.33.12:273][ 90]LogNet: World NetDriver shutdown IpNetDriver_2 [GameNetDriver]
[2020.06.11-12.33.12:273][ 90]LogNet: DestroyNamedNetDriver IpNetDriver_2 [GameNetDriver]
[2020.06.11-12.33.12:273][ 90]LogExit: GameNetDriver IpNetDriver_2 shut down
[2020.06.11-12.33.12:273][ 90]LogWorld: UWorld::CleanupWorld for Menu_Map, bSessionEnded=true, bCleanupResources=true
[2020.06.11-12.33.12:273][ 90]LogSlate: InvalidateAllWidgets triggered.  All widgets were invalidated
[2020.06.11-12.33.12:289][ 90]LogAudioMixer: Display: Flush succeeded in the source manager command queue (1).
[2020.06.11-12.33.12:309][ 90]LogAudioMixer: Display: Flush succeeded the source manager command queue (2).
[2020.06.11-12.33.12:332][ 90]LogAISub: UAISubsystem::~UAISubsystem AIPerceptionSystem (000001AA888DDE40), frame # 15090
[2020.06.11-12.33.12:332][ 90]LogAISub: UAISubsystem::~UAISubsystem EnvQueryManager (000001AA802C1E00), frame # 15090
[2020.06.11-12.33.12:335][ 90]LogUObjectHash: Compacting FUObjectHashTables data took   2.56ms
[2020.06.11-12.33.12:338][ 90]LogAIModule: Creating AISystem for world WaitScreen_Map
[2020.06.11-12.33.12:338][ 90]LogAISub: UAISubsystem::UAISubsystem EnvQueryManager (000001AA802C3C00), frame # 15090
[2020.06.11-12.33.12:339][ 90]LogAISub: UAISubsystem::UAISubsystem AIPerceptionSystem (000001AA888DE340), frame # 15090
[2020.06.11-12.33.12:339][ 90]LogLoad: Game class is 'WaitScreen_GM_C'
[2020.06.11-12.33.12:339][ 90]LogNet: ReplicationDriverClass is null! Not using ReplicationDriver.
[2020.06.11-12.33.12:339][ 90]LogNetCore: DDoS detection status: detection enabled: 0 analytics enabled: 0
[2020.06.11-12.33.12:339][ 90]LogInit: WinSock: Socket queue. Rx: 131072 (config 131072) Tx: 131072 (config 131072)
[2020.06.11-12.33.12:339][ 90]LogNet: Created socket for bind address: 0.0.0.0 on port 7777
[2020.06.11-12.33.12:339][ 90]PacketHandlerLog: Loaded PacketHandler component: Engine.EngineHandlerComponentFactory (StatelessConnectHandlerComponent)
[2020.06.11-12.33.12:339][ 90]LogNet: GameNetDriver IpNetDriver_3 IpNetDriver listening on port 7777
[2020.06.11-12.33.12:340][ 90]LogWorld: Bringing World /Game/Maps/UEDPIE_0_WaitScreen_Map.WaitScreen_Map up for play (max tick rate 0) at 2020.06.11-14.33.12
[2020.06.11-12.33.12:340][ 90]LogWorld: Bringing up level for play took: 0.000626
[2020.06.11-12.33.12:341][ 90]LogLoad: Took 0.068590 seconds to LoadMap(/Game/Maps/WaitScreen_Map)
[2020.06.11-12.33.13:565][237]LogNet: Browse: /Game/Maps/ThirdPersonExampleMap
[2020.06.11-12.33.13:565][237]LogLoad: LoadMap: /Game/Maps/ThirdPersonExampleMap
[2020.06.11-12.33.13:565][237]LogWorld: BeginTearingDown for /Game/Maps/UEDPIE_0_WaitScreen_Map
[2020.06.11-12.33.13:565][237]LogNet: World NetDriver shutdown IpNetDriver_3 [GameNetDriver]
[2020.06.11-12.33.13:565][237]LogNet: DestroyNamedNetDriver IpNetDriver_3 [GameNetDriver]
[2020.06.11-12.33.13:565][237]LogExit: GameNetDriver IpNetDriver_3 shut down
[2020.06.11-12.33.13:565][237]LogWorld: UWorld::CleanupWorld for WaitScreen_Map, bSessionEnded=true, bCleanupResources=true
[2020.06.11-12.33.13:565][237]LogSlate: InvalidateAllWidgets triggered.  All widgets were invalidated
[2020.06.11-12.33.13:570][237]LogAudioMixer: Display: Flush succeeded in the source manager command queue (1).
[2020.06.11-12.33.13:590][237]LogAudioMixer: Display: Flush succeeded the source manager command queue (2).
[2020.06.11-12.33.13:621][237]LogAISub: UAISubsystem::~UAISubsystem AIPerceptionSystem (000001AA888DE340), frame # 15237
[2020.06.11-12.33.13:621][237]LogAISub: UAISubsystem::~UAISubsystem EnvQueryManager (000001AA802C3C00), frame # 15237
[2020.06.11-12.33.13:623][237]LogUObjectHash: Compacting FUObjectHashTables data took   2.50ms
[2020.06.11-12.33.13:644][237]LogAIModule: Creating AISystem for world ThirdPersonExampleMap
[2020.06.11-12.33.13:644][237]LogAISub: UAISubsystem::UAISubsystem EnvQueryManager (000001AA1E83CE00), frame # 15237
[2020.06.11-12.33.13:644][237]LogAISub: UAISubsystem::UAISubsystem AIPerceptionSystem (000001AA1E866480), frame # 15237
[2020.06.11-12.33.13:644][237]LogLoad: Game class is 'Game_GM_C'
[2020.06.11-12.33.13:658][237]LogWorld: Bringing World /Game/Maps/UEDPIE_0_ThirdPersonExampleMap.ThirdPersonExampleMap up for play (max tick rate 0) at 2020.06.11-14.33.13
[2020.06.11-12.33.13:658][237]LogWorld: Bringing up level for play took: 0.013511
[2020.06.11-12.33.13:664][237]LogLoad: Took 0.099603 seconds to LoadMap(/Game/Maps/ThirdPersonExampleMap)
[2020.06.11-12.33.27:384][880]LogAudioMixer: Display: No commands were queued while flushing the source manager.
[2020.06.11-12.33.27:400][880]LogAudioMixer: Display: Flush succeeded in the source manager command queue (1).
[2020.06.11-12.33.27:420][880]LogAudioMixer: Display: Flush succeeded the source manager command queue (2).
[2020.06.11-12.33.27:421][880]LogSlate: Updating window title bar state: overlay mode, drag disabled, window buttons hidden, title bar hidden
[2020.06.11-12.33.27:421][880]LogWorld: BeginTearingDown for /Game/Maps/UEDPIE_0_ThirdPersonExampleMap
[2020.06.11-12.33.27:421][880]LogSlate: Window 'OnlineFPS Preview [NetMode: Server] (64-bit/Windows) ' being destroyed
[2020.06.11-12.33.27:426][880]LogAudioMixer: Display: No commands were queued while flushing the source manager.
[2020.06.11-12.33.27:426][880]LogWorld: UWorld::CleanupWorld for ThirdPersonExampleMap, bSessionEnded=true, bCleanupResources=true
[2020.06.11-12.33.27:427][880]LogSlate: InvalidateAllWidgets triggered.  All widgets were invalidated
[2020.06.11-12.33.27:438][880]LogPlayLevel: Display: Shutting down PIE online subsystems
[2020.06.11-12.33.27:442][880]LogSlate: InvalidateAllWidgets triggered.  All widgets were invalidated
[2020.06.11-12.33.27:465][880]LogAudioMixer: Display: No commands were queued while flushing the source manager.
[2020.06.11-12.33.27:482][880]LogAISub: UAISubsystem::~UAISubsystem AIPerceptionSystem (000001AA1E866480), frame # 16880
[2020.06.11-12.33.27:482][880]LogAISub: UAISubsystem::~UAISubsystem EnvQueryManager (000001AA1E83CE00), frame # 16880
[2020.06.11-12.33.27:484][880]LogUObjectHash: Compacting FUObjectHashTables data took   2.55ms
[2020.06.11-12.33.27:519][881]LogPlayLevel: Display: Destroying online subsystem :Context_4
[2020.06.11-12.33.28:837][ 33]Cmd: OBJ SAVEPACKAGE PACKAGE="/Game/HUD/HUD_Wait" FILE="../../../../../../Users/doria/Documents/GitHub/Online-FPS/OnlineFPS/Content/HUD/HUD_Wait.uasset" SILENT=true
[2020.06.11-12.33.28:885][ 33]LogSavePackage: Moving '../../../../../../Users/doria/Documents/GitHub/Online-FPS/OnlineFPS/Saved/HUD_Wait8A207C2344AB0E6C81344FBA9D3AFCE6.tmp' to '../../../../../../Users/doria/Documents/GitHub/Online-FPS/OnlineFPS/Content/HUD/HUD_Wait.uasset'
[2020.06.11-12.33.28:901][ 33]AssetCheck: New page: Asset Save: HUD_Wait
[2020.06.11-12.33.28:901][ 33]LogContentValidation: Display: Validating WidgetBlueprint /Game/HUD/HUD_Wait.HUD_Wait
[2020.06.11-12.33.31:070][291]LogWorld: UWorld::CleanupWorld for World_1, bSessionEnded=true, bCleanupResources=true
[2020.06.11-12.33.31:070][291]LogSlate: InvalidateAllWidgets triggered.  All widgets were invalidated
[2020.06.11-12.33.31:074][291]LogWorld: UWorld::CleanupWorld for World_0, bSessionEnded=true, bCleanupResources=true
[2020.06.11-12.33.31:074][291]LogSlate: InvalidateAllWidgets triggered.  All widgets were invalidated
